
ASEM-51 V1.3                                         Copyright (c) 2002 by W.W. Heinz                                         PAGE 1





       MCS-51 Family Macro Assembler   A S E M - 5 1   V 1.3
       =====================================================



	Source File:	interr.asm
	Object File:	interr.hex
	List File:	interr.lst



 Line  I  Addr  Code            Source

    1:		N      0000	ORG 0000H
    2:	  0000	80 2E		SJMP 0030H
    3:
    4:		N      0013	ORG 0013H
    5:	  0013	02 00 FF	LJMP 00FFH
    6:
    7:		N      0030	ORG 0030H
    8:	  0030	75 A8 84		MOV IE,#84H
    9:	  0033	75 B8 04		MOV IP,#04H
   10:	  0036	75 88 08		MOV TCON,#08H
   11:	  0039	80 FE		START:	SJMP START
   12:
   13:		N      00FF	ORG 00FFH
   14:	  00FF			ISR:
   15:	  00FF	75 A0 01	NEXTA:	MOV P2,#01H; coil A +
   16:	  0102	31 16			ACALL DELAY
   17:	  0104	75 A0 04		MOV P2,#04H; coil B +
   18:	  0107	31 16			ACALL DELAY
   19:	  0109	75 A0 02		MOV P2,#02H; coil A -
   20:	  010C	31 16			ACALL DELAY
   21:	  010E	75 A0 08		MOV P2,#08H; coil b -
   22:	  0111	31 16			ACALL DELAY
   23:	  0113	80 EA			SJMP NEXTA
   24:	  0115	32			RETI
   25:
   26:
   27:
   28:	  0116			DELAY:  ;MOV R7,#00H
   29:	  0116	7E 18		WAITC:	MOV R6,#18H
   30:	  0118	7D FF		WAITB:	MOV R5,#0FFH
   31:	  011A	DD FE		WAITA:	DJNZ R5,WAITA
   32:	  011C	DE FA			DJNZ R6,WAITB
   33:					;DJNZ R7,WAITC
   34:	  011E	22			RET
   35:				END





                     register banks used:  ---

                     no errors

ASEM-51 V1.3                                         Copyright (c) 2002 by W.W. Heinz                                         PAGE 2







ASEM-51 V1.3                                         Copyright (c) 2002 by W.W. Heinz                                         PAGE 3





	       L I S T   O F   S Y M B O L S
	       =============================


SYMBOL				  TYPE     VALUE	LINE
------------------------------------------------------------
??ASEM_51			  NUMBER    8051
??VERSION			  NUMBER    0130
AC				  BIT	      D6
ACC				  DATA	      E0
B				  DATA	      F0
CY				  BIT	      D7
DELAY				  CODE	    0116	  28
DPH				  DATA	      83
DPL				  DATA	      82
EA				  BIT	      AF
ES				  BIT	      AC
ET0				  BIT	      A9
ET1				  BIT	      AB
EX0				  BIT	      A8
EX1				  BIT	      AA
EXTI0				  CODE	    0003
EXTI1				  CODE	    0013
F0				  BIT	      D5
IE				  DATA	      A8
IE0				  BIT	      89
IE1				  BIT	      8B
INT0				  BIT	      B2
INT1				  BIT	      B3
IP				  DATA	      B8
ISR				  CODE	    00FF	  14
IT0				  BIT	      88
IT1				  BIT	      8A
NEXTA				  CODE	    00FF	  15
OV				  BIT	      D2
P				  BIT	      D0
P0				  DATA	      80
P1				  DATA	      90
P2				  DATA	      A0
P3				  DATA	      B0
PCON				  DATA	      87
PS				  BIT	      BC
PSW				  DATA	      D0
PT0				  BIT	      B9
PT1				  BIT	      BB
PX0				  BIT	      B8
PX1				  BIT	      BA
RB8				  BIT	      9A
RD				  BIT	      B7
REN				  BIT	      9C
RESET				  CODE	    0000
RI				  BIT	      98
RS0				  BIT	      D3
RS1				  BIT	      D4
RXD				  BIT	      B0
SBUF				  DATA	      99

ASEM-51 V1.3                                         Copyright (c) 2002 by W.W. Heinz                                         PAGE 4



SYMBOL				  TYPE     VALUE	LINE
------------------------------------------------------------
SCON				  DATA	      98
SINT				  CODE	    0023
SM0				  BIT	      9F
SM1				  BIT	      9E
SM2				  BIT	      9D
SP				  DATA	      81
START				  CODE	    0039	  11
T0				  BIT	      B4
T1				  BIT	      B5
TB8				  BIT	      9B
TCON				  DATA	      88
TF0				  BIT	      8D
TF1				  BIT	      8F
TH0				  DATA	      8C
TH1				  DATA	      8D
TI				  BIT	      99
TIMER0				  CODE	    000B
TIMER1				  CODE	    001B
TL0				  DATA	      8A
TL1				  DATA	      8B
TMOD				  DATA	      89
TR0				  BIT	      8C
TR1				  BIT	      8E
TXD				  BIT	      B1
WAITA				  CODE	    011A	  31
WAITB				  CODE	    0118	  30
WAITC				  CODE	    0116	  29
WR				  BIT	      B6
