
ASEM-51 V1.3                                         Copyright (c) 2002 by W.W. Heinz                                         PAGE 1





       MCS-51 Family Macro Assembler   A S E M - 5 1   V 1.3
       =====================================================



	Source File:	TXD.ASM
	Object File:	TXD.hex
	List File:	TXD.lst



 Line  I  Addr  Code            Source

    1:				;89c52 serial comm.
    2:				;24/10/2008
    3:				;ASTER
    4:
    5:				$NOMOD51
    6:				$INCLUDE (89C52.MCU)
    7: 1			;   AT89C52 processor definition file
    8: 1			;   =================================
    9: 1
   10: 1	N	 80	P0	DATA	080H
   11: 1	N	 81	SP	DATA	081H
   12: 1	N	 82	DPL	DATA	082H
   13: 1	N	 83	DPH	DATA	083H
   14: 1	N	 87	PCON	DATA	087H
   15: 1	N	 88	TCON	DATA	088H
   16: 1	N	 89	TMOD	DATA	089H
   17: 1	N	 8A	TL0	DATA	08AH
   18: 1	N	 8B	TL1	DATA	08BH
   19: 1	N	 8C	TH0	DATA	08CH
   20: 1	N	 8D	TH1	DATA	08DH
   21: 1	N	 90	P1	DATA	090H
   22: 1	N	 98	SCON	DATA	098H
   23: 1	N	 99	SBUF	DATA	099H
   24: 1	N	 A0	P2	DATA	0A0H
   25: 1	N	 A8	IE	DATA	0A8H
   26: 1	N	 B0	P3	DATA	0B0H
   27: 1	N	 B8	IP	DATA	0B8H
   28: 1	N	 C8	T2CON	DATA	0C8H
   29: 1	N	 C9	T2MOD	DATA	0C9H
   30: 1	N	 CA	RCAP2L	DATA	0CAH
   31: 1	N	 CB	RCAP2H	DATA	0CBH
   32: 1	N	 CC	TL2	DATA	0CCH
   33: 1	N	 CD	TH2	DATA	0CDH
   34: 1	N	 D0	PSW	DATA	0D0H
   35: 1	N	 E0	ACC	DATA	0E0H
   36: 1	N	 F0	B	DATA	0F0H
   37: 1
   38: 1	N	 88	IT0	BIT	088H
   39: 1	N	 89	IE0	BIT	089H
   40: 1	N	 8A	IT1	BIT	08AH
   41: 1	N	 8B	IE1	BIT	08BH
   42: 1	N	 8C	TR0	BIT	08CH
   43: 1	N	 8D	TF0	BIT	08DH

ASEM-51 V1.3                                         Copyright (c) 2002 by W.W. Heinz                                         PAGE 2



 Line  I  Addr  Code            Source

   44: 1	N	 8E	TR1	BIT	08EH
   45: 1	N	 8F	TF1	BIT	08FH
   46: 1	N	 90	T2	BIT	090H
   47: 1	N	 91	T2EX	BIT	091H
   48: 1	N	 98	RI	BIT	098H
   49: 1	N	 99	TI	BIT	099H
   50: 1	N	 9A	RB8	BIT	09AH
   51: 1	N	 9B	TB8	BIT	09BH
   52: 1	N	 9C	REN	BIT	09CH
   53: 1	N	 9D	SM2	BIT	09DH
   54: 1	N	 9E	SM1	BIT	09EH
   55: 1	N	 9F	SM0	BIT	09FH
   56: 1	N	 A8	EX0	BIT	0A8H
   57: 1	N	 A9	ET0	BIT	0A9H
   58: 1	N	 AA	EX1	BIT	0AAH
   59: 1	N	 AB	ET1	BIT	0ABH
   60: 1	N	 AC	ES	BIT	0ACH
   61: 1	N	 AD	ET2	BIT	0ADH
   62: 1	N	 AF	EA	BIT	0AFH
   63: 1	N	 B0	RXD	BIT	0B0H
   64: 1	N	 B1	TXD	BIT	0B1H
   65: 1	N	 B2	INT0	BIT	0B2H
   66: 1	N	 B3	INT1	BIT	0B3H
   67: 1	N	 B4	T0	BIT	0B4H
   68: 1	N	 B5	T1	BIT	0B5H
   69: 1	N	 B6	WR	BIT	0B6H
   70: 1	N	 B7	RD	BIT	0B7H
   71: 1	N	 B8	PX0	BIT	0B8H
   72: 1	N	 B9	PT0	BIT	0B9H
   73: 1	N	 BA	PX1	BIT	0BAH
   74: 1	N	 BB	PT1	BIT	0BBH
   75: 1	N	 BC	PS	BIT	0BCH
   76: 1	N	 BD	PT2	BIT	0BDH
   77: 1	N	 C8	CPRL2	BIT	0C8H
   78: 1	N	 C9	CT2	BIT	0C9H
   79: 1	N	 CA	TR2	BIT	0CAH
   80: 1	N	 CB	EXEN2	BIT	0CBH
   81: 1	N	 CC	TCLK	BIT	0CCH
   82: 1	N	 CD	RCLK	BIT	0CDH
   83: 1	N	 CE	EXF2	BIT	0CEH
   84: 1	N	 CF	TF2	BIT	0CFH
   85: 1	N	 D0	P	BIT	0D0H
   86: 1	N	 D2	OV	BIT	0D2H
   87: 1	N	 D3	RS0	BIT	0D3H
   88: 1	N	 D4	RS1	BIT	0D4H
   89: 1	N	 D5	F0	BIT	0D5H
   90: 1	N	 D6	AC	BIT	0D6H
   91: 1	N	 D7	CY	BIT	0D7H
   92: 1
   93: 1	N      0000	RESET	CODE	000H
   94: 1	N      0003	EXTI0	CODE	003H
   95: 1	N      000B	TIMER0	CODE	00BH
   96: 1	N      0013	EXTI1	CODE	013H
   97: 1	N      001B	TIMER1	CODE	01BH
   98: 1	N      0023	SINT	CODE	023H
   99: 1	N      002B	TIMER2	CODE	02BH

ASEM-51 V1.3                                         Copyright (c) 2002 by W.W. Heinz                                         PAGE 3



 Line  I  Addr  Code            Source

  100:
  101:
  102:		N      0000	ORG 0000H
  103:	  0000	80 2E		SJMP 0030H
  104:
  105:		N      0030	ORG 0030H
  106:
  107:
  108:
  109:
  110:	  0030	75 98 40	START:		MOV SCON,#40H
  111:	  0033	53 87 7F			ANL PCON,#7FH
  112:
  113:	  0036	75 A8 90			MOV IE,#90H
  114:	  0039	75 B8 10			MOV IP,#10H
  115:
  116:	  003C	75 C8 30			MOV T2CON,#30H
  117:	  003F	75 CB FF			MOV RCAP2H,#0FFH	;9600 bps
  118:	  0042	75 CA D9			MOV RCAP2L,#0D9H	;12MHz
  119:
  120:	  0045	D2 CA				SETB TR2
  121:
  122:
  123:	  0047	74 01				MOV A,#01H
  124:	  0049	11 61				ACALL XMIT
  125:	  004B	74 06				MOV A,#06H
  126:	  004D	11 61				ACALL XMIT
  127:	  004F	74 80				MOV A,#80H
  128:	  0051	11 61				ACALL XMIT
  129:
  130:	  0053	74 02				MOV A,#02H
  131:	  0055	11 61				ACALL XMIT
  132:	  0057	74 0A				MOV A,#0AH
  133:	  0059	11 61				ACALL XMIT
  134:	  005B	74 40				MOV A,#40H
  135:	  005D	11 61				ACALL XMIT
  136:
  137:	  005F	80 FE		HERE:		SJMP HERE
  138:
  139:
  140:
  141:	  0061	F5 99		XMIT:		MOV SBUF,A
  142:	  0063	00				NOP
  143:
  144:	  0064	22		DONE:		RET
  145:
  146:
  147:		N      0023	ORG 0023H
  148:
  149:	  0023	02 09 00	LJMP 0900H
  150:
  151:		N      0900	ORG 0900H
  152:
  153:	  0900	00		SER_INT:	NOP
  154:	  0901	C2 99				CLR TI
  155:	  0903	00				NOP

ASEM-51 V1.3                                         Copyright (c) 2002 by W.W. Heinz                                         PAGE 4



 Line  I  Addr  Code            Source

  156:						;LCALL XMIT
  157:	  0904	32				RETI
  158:
  159:				END





                     register banks used:  ---

                     no errors




ASEM-51 V1.3                                         Copyright (c) 2002 by W.W. Heinz                                         PAGE 5





	       L I S T   O F   S Y M B O L S
	       =============================


SYMBOL				  TYPE     VALUE	LINE
------------------------------------------------------------
??ASEM_51			  NUMBER    8051
??VERSION			  NUMBER    0130
AC				  BIT	      D6	  90
ACC				  DATA	      E0	  35
B				  DATA	      F0	  36
CPRL2				  BIT	      C8	  77
CT2				  BIT	      C9	  78
CY				  BIT	      D7	  91
DONE				  CODE	    0064	 144
DPH				  DATA	      83	  13
DPL				  DATA	      82	  12
EA				  BIT	      AF	  62
ES				  BIT	      AC	  60
ET0				  BIT	      A9	  57
ET1				  BIT	      AB	  59
ET2				  BIT	      AD	  61
EX0				  BIT	      A8	  56
EX1				  BIT	      AA	  58
EXEN2				  BIT	      CB	  80
EXF2				  BIT	      CE	  83
EXTI0				  CODE	    0003	  94
EXTI1				  CODE	    0013	  96
F0				  BIT	      D5	  89
HERE				  CODE	    005F	 137
IE				  DATA	      A8	  25
IE0				  BIT	      89	  39
IE1				  BIT	      8B	  41
INT0				  BIT	      B2	  65
INT1				  BIT	      B3	  66
IP				  DATA	      B8	  27
IT0				  BIT	      88	  38
IT1				  BIT	      8A	  40
OV				  BIT	      D2	  86
P				  BIT	      D0	  85
P0				  DATA	      80	  10
P1				  DATA	      90	  21
P2				  DATA	      A0	  24
P3				  DATA	      B0	  26
PCON				  DATA	      87	  14
PS				  BIT	      BC	  75
PSW				  DATA	      D0	  34
PT0				  BIT	      B9	  72
PT1				  BIT	      BB	  74
PT2				  BIT	      BD	  76
PX0				  BIT	      B8	  71
PX1				  BIT	      BA	  73
RB8				  BIT	      9A	  50
RCAP2H				  DATA	      CB	  31
RCAP2L				  DATA	      CA	  30
RCLK				  BIT	      CD	  82

ASEM-51 V1.3                                         Copyright (c) 2002 by W.W. Heinz                                         PAGE 6



SYMBOL				  TYPE     VALUE	LINE
------------------------------------------------------------
RD				  BIT	      B7	  70
REN				  BIT	      9C	  52
RESET				  CODE	    0000	  93
RI				  BIT	      98	  48
RS0				  BIT	      D3	  87
RS1				  BIT	      D4	  88
RXD				  BIT	      B0	  63
SBUF				  DATA	      99	  23
SCON				  DATA	      98	  22
SER_INT				  CODE	    0900	 153
SINT				  CODE	    0023	  98
SM0				  BIT	      9F	  55
SM1				  BIT	      9E	  54
SM2				  BIT	      9D	  53
SP				  DATA	      81	  11
START				  CODE	    0030	 110
T0				  BIT	      B4	  67
T1				  BIT	      B5	  68
T2				  BIT	      90	  46
T2CON				  DATA	      C8	  28
T2EX				  BIT	      91	  47
T2MOD				  DATA	      C9	  29
TB8				  BIT	      9B	  51
TCLK				  BIT	      CC	  81
TCON				  DATA	      88	  15
TF0				  BIT	      8D	  43
TF1				  BIT	      8F	  45
TF2				  BIT	      CF	  84
TH0				  DATA	      8C	  19
TH1				  DATA	      8D	  20
TH2				  DATA	      CD	  33
TI				  BIT	      99	  49
TIMER0				  CODE	    000B	  95
TIMER1				  CODE	    001B	  97
TIMER2				  CODE	    002B	  99
TL0				  DATA	      8A	  17
TL1				  DATA	      8B	  18
TL2				  DATA	      CC	  32
TMOD				  DATA	      89	  16
TR0				  BIT	      8C	  42
TR1				  BIT	      8E	  44
TR2				  BIT	      CA	  79
TXD				  BIT	      B1	  64
WR				  BIT	      B6	  69
XMIT				  CODE	    0061	 141
