
ASEM-51 V1.3                                         Copyright (c) 2002 by W.W. Heinz                                         PAGE 1





       MCS-51 Family Macro Assembler   A S E M - 5 1   V 1.3
       =====================================================



	Source File:	ADC.ASM
	Object File:	ADC.hex
	List File:	ADC.lst



 Line  I  Addr  Code            Source

    1:				;ADC 0848 CHECk RUN CODE
    2:				;08/07/2008 :: 23:00 HRS		:::::::: LAST UPDATED : 09/07/2008
    3:				;ASTER
    4:
    5:				;PIN CONFIG:          	PORT 1 : DB0 ---- DB7 ADC
    6:				;			PORT 3 : OUTPUT LEDS
    7:				;			PORT 2 : CONTROL PINS ::::  P2.0- INTR(BAR) ; P2.1- WR(BAR) ; P2.2- CS(BAR)
				; P2.3- RD(BAR)   ::::
    8:
    9:				;PROGRAM RUN -SUCCESS ON ADC0848CCN
   10:
   11:
   12:
   13:
   14:
   15:
   16:		N      0000	ORG 0000H
   17:	  0000	80 2E		SJMP 0030H
   18:
   19:
   20:
   21:
   22:		N      0030	ORG 0030H
   23:
   24:
   25:
   26:
   27:	  0030	75 90 00	START:		MOV P1,#00H
   28:	  0033	75 A0 0A			MOV P2,#0AH
   29:	  0036	75 B0 00			MOV P3,#00H
   30:
   31:	  0039	75 90 08			MOV P1,#08H	; SINGLE ENDED CHANNEL 1  :: 0000 1000
   32:
   33:	  003C	11 48				ACALL WRITE	; START CONVERSION
   34:
   35:
   36:				;WAIT:		NOP
   37:				;		JB P2.0,WAIT
   38:
   39:	  003E	11 57				ACALL READY	; CHECK IF CONVERSION IS DONE :: INTR BAR IS LOW
   40:
   41:
   42:

ASEM-51 V1.3                                         Copyright (c) 2002 by W.W. Heinz                                         PAGE 2



 Line  I  Addr  Code            Source

   43:	  0040	11 6A				ACALL READ	; READ DB0 TO DB7 AND PLACE IN R0
   44:
   45:
   46:
   47:	  0042	88 B0				MOV P3,R0	; OUTPUT DIGITAL CONVERSION
   48:
   49:	  0044	11 7A				ACALL DELAY
   50:
   51:	  0046	80 E8		STOP:		SJMP START
   52:
   53:
   54:
   55:
   56:	  0048	D2 A3		WRITE:		SETB P2.3
   57:	  004A	C2 A2				CLR P2.2	; CLEAR CS BAR
   58:	  004C	D2 A1				SETB P2.1	; SET WR BAR
   59:	  004E	00				NOP
   60:	  004F	C2 A1				CLR P2.1	; CLEAR WR BAR
   61:	  0051	00				NOP
   62:	  0052	00				NOP
   63:	  0053	00				NOP
   64:	  0054	D2 A1				SETB P2.1	; RISING EDGE ON WR BAR
   65:	  0056	22				RET
   66:
   67:
   68:
   69:	  0057	D2 A1		READY:		SETB P2.1
   70:	  0059	C2 A2				CLR P2.2
   71:	  005B	D2 A3				SETB P2.3
   72:
   73:	  005D	D2 B7				SETB P3.7	; WATCH BITS
   74:	  005F	D2 B6				SETB P3.6
   75:
   76:	  0061	20 A0 FD	WAIT:		JB P2.0,WAIT	; WAIT TILL INTR BAR IS LOW
   77:	  0064	C2 B7				CLR P3.7
   78:	  0066	C2 B6				CLR P3.6
   79:	  0068	00				NOP
   80:	  0069	22				RET
   81:
   82:
   83:	  006A	D2 A1		READ:		SETB P2.1
   84:	  006C	C2 A2				CLR P2.2	; CS BAR LOW
   85:	  006E	C2 A3				CLR P2.3	; RD BAR LOW
   86:	  0070	00				NOP
   87:	  0071	00				NOP
   88:	  0072	75 90 FF			MOV P1,#0FFH	;CONFIGURE PORT FOR INPUT::: DONT FORGET THIS
   89:	  0075	A8 90				MOV R0,P1
   90:	  0077	00				NOP
   91:	  0078	00				NOP
   92:	  0079	22				RET
   93:
   94:
   95:
   96:	  007A	7F 08		DELAY:		MOV R7,#08H
   97:	  007C	7E FF				MOV R6,#0FFH
   98:	  007E	7D FF				MOV R5,#0FFH

ASEM-51 V1.3                                         Copyright (c) 2002 by W.W. Heinz                                         PAGE 3



 Line  I  Addr  Code            Source

   99:	  0080	DD FE				DJNZ R5,$
  100:	  0082	DE FC				DJNZ R6,$-2
  101:	  0084	DF FA				DJNZ R7,$-4
  102:	  0086	22				RET
  103:
  104:
  105:				END
  106:
  107:





                     register banks used:  ---

                     no errors




ASEM-51 V1.3                                         Copyright (c) 2002 by W.W. Heinz                                         PAGE 4





	       L I S T   O F   S Y M B O L S
	       =============================


SYMBOL				  TYPE     VALUE	LINE
------------------------------------------------------------
??ASEM_51			  NUMBER    8051
??VERSION			  NUMBER    0130
AC				  BIT	      D6
ACC				  DATA	      E0
B				  DATA	      F0
CY				  BIT	      D7
DELAY				  CODE	    007A	  96
DPH				  DATA	      83
DPL				  DATA	      82
EA				  BIT	      AF
ES				  BIT	      AC
ET0				  BIT	      A9
ET1				  BIT	      AB
EX0				  BIT	      A8
EX1				  BIT	      AA
EXTI0				  CODE	    0003
EXTI1				  CODE	    0013
F0				  BIT	      D5
IE				  DATA	      A8
IE0				  BIT	      89
IE1				  BIT	      8B
INT0				  BIT	      B2
INT1				  BIT	      B3
IP				  DATA	      B8
IT0				  BIT	      88
IT1				  BIT	      8A
OV				  BIT	      D2
P				  BIT	      D0
P0				  DATA	      80
P1				  DATA	      90
P2				  DATA	      A0
P3				  DATA	      B0
PCON				  DATA	      87
PS				  BIT	      BC
PSW				  DATA	      D0
PT0				  BIT	      B9
PT1				  BIT	      BB
PX0				  BIT	      B8
PX1				  BIT	      BA
RB8				  BIT	      9A
RD				  BIT	      B7
READ				  CODE	    006A	  83
READY				  CODE	    0057	  69
REN				  BIT	      9C
RESET				  CODE	    0000
RI				  BIT	      98
RS0				  BIT	      D3
RS1				  BIT	      D4
RXD				  BIT	      B0
SBUF				  DATA	      99

ASEM-51 V1.3                                         Copyright (c) 2002 by W.W. Heinz                                         PAGE 5



SYMBOL				  TYPE     VALUE	LINE
------------------------------------------------------------
SCON				  DATA	      98
SINT				  CODE	    0023
SM0				  BIT	      9F
SM1				  BIT	      9E
SM2				  BIT	      9D
SP				  DATA	      81
START				  CODE	    0030	  27
STOP				  CODE	    0046	  51
T0				  BIT	      B4
T1				  BIT	      B5
TB8				  BIT	      9B
TCON				  DATA	      88
TF0				  BIT	      8D
TF1				  BIT	      8F
TH0				  DATA	      8C
TH1				  DATA	      8D
TI				  BIT	      99
TIMER0				  CODE	    000B
TIMER1				  CODE	    001B
TL0				  DATA	      8A
TL1				  DATA	      8B
TMOD				  DATA	      89
TR0				  BIT	      8C
TR1				  BIT	      8E
TXD				  BIT	      B1
WAIT				  CODE	    0061	  76
WR				  BIT	      B6
WRITE				  CODE	    0048	  56
