
ASEM-51 V1.3                                         Copyright (c) 2002 by W.W. Heinz                                         PAGE 1





       MCS-51 Family Macro Assembler   A S E M - 5 1   V 1.3
       =====================================================



	Source File:	FINAL.ASM
	Object File:	FINAL.hex
	List File:	FINAL.lst



 Line  I  Addr  Code            Source

    1:				;COUNT AND DISPLAY + ANALOG METER + SERIAL TRANSMISSION AT 9600 BPS
    2:				;ANEMOMETER COUNT PROCESSOR
    3:				;29/02/2008	:::::::::::::::::::::::::::::: LAST UPDATED: 28/07/2008 ::
    4:				;ASTER
    5:
    6:				;CONNECTIONS::::::::::::::::::::::::::::::::::::::::::::::::::::::::::::::    			;
					LCD DATA:  PORT 2
    7:
    8:																;
					LCD CONTROL: RS-P1.1 , R/W-P1.2 , EN-P1.3
    9:
   10:																;
					SERIAL:	RXD-P3.0 , TXD-P3.1
   11:
   12:																;
					TIMER0:	PULSE COUNTER - P3.4 RISING EDGES ONLY
   13:
   14:																;
					TIMER1:	1 SECOND TIMER
   15:
   16:																;
					TIMER2: BAUD GENERATOR -9600 BPS
   17:
   18:
   19:
   20:
   21:
   22:
   23:
   24:				$NOMOD51
   25:				$INCLUDE (89C52.MCU)
   26: 1			;   AT89C52 processor definition file
   27: 1			;   =================================
   28: 1
   29: 1	N	 80	P0	DATA	080H
   30: 1	N	 81	SP	DATA	081H
   31: 1	N	 82	DPL	DATA	082H
   32: 1	N	 83	DPH	DATA	083H
   33: 1	N	 87	PCON	DATA	087H
   34: 1	N	 88	TCON	DATA	088H
   35: 1	N	 89	TMOD	DATA	089H
   36: 1	N	 8A	TL0	DATA	08AH
   37: 1	N	 8B	TL1	DATA	08BH

ASEM-51 V1.3                                         Copyright (c) 2002 by W.W. Heinz                                         PAGE 2



 Line  I  Addr  Code            Source

   38: 1	N	 8C	TH0	DATA	08CH
   39: 1	N	 8D	TH1	DATA	08DH
   40: 1	N	 90	P1	DATA	090H
   41: 1	N	 98	SCON	DATA	098H
   42: 1	N	 99	SBUF	DATA	099H
   43: 1	N	 A0	P2	DATA	0A0H
   44: 1	N	 A8	IE	DATA	0A8H
   45: 1	N	 B0	P3	DATA	0B0H
   46: 1	N	 B8	IP	DATA	0B8H
   47: 1	N	 C8	T2CON	DATA	0C8H
   48: 1	N	 C9	T2MOD	DATA	0C9H
   49: 1	N	 CA	RCAP2L	DATA	0CAH
   50: 1	N	 CB	RCAP2H	DATA	0CBH
   51: 1	N	 CC	TL2	DATA	0CCH
   52: 1	N	 CD	TH2	DATA	0CDH
   53: 1	N	 D0	PSW	DATA	0D0H
   54: 1	N	 E0	ACC	DATA	0E0H
   55: 1	N	 F0	B	DATA	0F0H
   56: 1
   57: 1	N	 88	IT0	BIT	088H
   58: 1	N	 89	IE0	BIT	089H
   59: 1	N	 8A	IT1	BIT	08AH
   60: 1	N	 8B	IE1	BIT	08BH
   61: 1	N	 8C	TR0	BIT	08CH
   62: 1	N	 8D	TF0	BIT	08DH
   63: 1	N	 8E	TR1	BIT	08EH
   64: 1	N	 8F	TF1	BIT	08FH
   65: 1	N	 90	T2	BIT	090H
   66: 1	N	 91	T2EX	BIT	091H
   67: 1	N	 98	RI	BIT	098H
   68: 1	N	 99	TI	BIT	099H
   69: 1	N	 9A	RB8	BIT	09AH
   70: 1	N	 9B	TB8	BIT	09BH
   71: 1	N	 9C	REN	BIT	09CH
   72: 1	N	 9D	SM2	BIT	09DH
   73: 1	N	 9E	SM1	BIT	09EH
   74: 1	N	 9F	SM0	BIT	09FH
   75: 1	N	 A8	EX0	BIT	0A8H
   76: 1	N	 A9	ET0	BIT	0A9H
   77: 1	N	 AA	EX1	BIT	0AAH
   78: 1	N	 AB	ET1	BIT	0ABH
   79: 1	N	 AC	ES	BIT	0ACH
   80: 1	N	 AD	ET2	BIT	0ADH
   81: 1	N	 AF	EA	BIT	0AFH
   82: 1	N	 B0	RXD	BIT	0B0H
   83: 1	N	 B1	TXD	BIT	0B1H
   84: 1	N	 B2	INT0	BIT	0B2H
   85: 1	N	 B3	INT1	BIT	0B3H
   86: 1	N	 B4	T0	BIT	0B4H
   87: 1	N	 B5	T1	BIT	0B5H
   88: 1	N	 B6	WR	BIT	0B6H
   89: 1	N	 B7	RD	BIT	0B7H
   90: 1	N	 B8	PX0	BIT	0B8H
   91: 1	N	 B9	PT0	BIT	0B9H
   92: 1	N	 BA	PX1	BIT	0BAH
   93: 1	N	 BB	PT1	BIT	0BBH

ASEM-51 V1.3                                         Copyright (c) 2002 by W.W. Heinz                                         PAGE 3



 Line  I  Addr  Code            Source

   94: 1	N	 BC	PS	BIT	0BCH
   95: 1	N	 BD	PT2	BIT	0BDH
   96: 1	N	 C8	CPRL2	BIT	0C8H
   97: 1	N	 C9	CT2	BIT	0C9H
   98: 1	N	 CA	TR2	BIT	0CAH
   99: 1	N	 CB	EXEN2	BIT	0CBH
  100: 1	N	 CC	TCLK	BIT	0CCH
  101: 1	N	 CD	RCLK	BIT	0CDH
  102: 1	N	 CE	EXF2	BIT	0CEH
  103: 1	N	 CF	TF2	BIT	0CFH
  104: 1	N	 D0	P	BIT	0D0H
  105: 1	N	 D2	OV	BIT	0D2H
  106: 1	N	 D3	RS0	BIT	0D3H
  107: 1	N	 D4	RS1	BIT	0D4H
  108: 1	N	 D5	F0	BIT	0D5H
  109: 1	N	 D6	AC	BIT	0D6H
  110: 1	N	 D7	CY	BIT	0D7H
  111: 1
  112: 1	N      0000	RESET	CODE	000H
  113: 1	N      0003	EXTI0	CODE	003H
  114: 1	N      000B	TIMER0	CODE	00BH
  115: 1	N      0013	EXTI1	CODE	013H
  116: 1	N      001B	TIMER1	CODE	01BH
  117: 1	N      0023	SINT	CODE	023H
  118: 1	N      002B	TIMER2	CODE	02BH
  119:
  120:
  121:
  122:
  123:		N      0000	ORG 0000H
  124:	  0000	80 2E		SJMP 0030H
  125:		N      0030	ORG 0030H
  126:				;---------------------------------------------------------------------------------------------------
				------------
  127:				;MICROCOMPUTER INITIALIZATIONS
  128:
  129:	  0030	E4		INI_DIS:	CLR A		;INITIALIZATION FOR THE PORTS
  130:	  0031	F5 90				MOV P1,A
  131:	  0033	F5 A0				MOV P2,A
  132:
  133:	  0035	74 38				MOV A,#38H	;INITIALIZATION FOR LCD/LCM
  134:	  0037	12 02 2F			LCALL COMMAND
  135:	  003A	74 0C				MOV A,#0CH
  136:	  003C	12 02 2F			LCALL COMMAND
  137:	  003F	74 06				MOV A,#06H
  138:	  0041	12 02 2F			LCALL COMMAND
  139:	  0044	74 01				MOV A,#01H
  140:	  0046	12 02 2F			LCALL COMMAND
  141:
  142:	  0049	90 0F 20			MOV DPTR,#MSG3
  143:	  004C	E4		NXINI:		CLR A
  144:	  004D	93				MOVC A,@A+DPTR
  145:	  004E	B4 FF 02			CJNE A,#0FFH,PRCD
  146:	  0051	80 06				SJMP OUTR
  147:	  0053	12 02 3E	PRCD:		LCALL DISPLAY
  148:	  0056	A3				INC DPTR

ASEM-51 V1.3                                         Copyright (c) 2002 by W.W. Heinz                                         PAGE 4



 Line  I  Addr  Code            Source

  149:	  0057	80 F3				SJMP NXINI
  150:
  151:	  0059	00		OUTR:		NOP
  152:				;		MOV A,#0C0H		;SET DDRAM ADDRESS TO 40H = LINE 2 OF LCD
  153:				;		LCALL COMMAND		;STAND BY ROUTINE
  154:				;
  155:				;		MOV DPTR,#MSG5
  156:				;NXINI0:	CLR A
  157:				;		MOVC A,@A+DPTR
  158:				;		CJNE A,#0FFH,PRCD0
  159:				;		SJMP START
  160:				;PRCD0:		LCALL DISPLAY
  161:				;		INC DPTR
  162:				;		SJMP NXINI0
  163:
  164:
  165:	  005A	75 89 15	START: 		MOV TMOD,#15H		; INITIALIZATION FOR TIMERS AND BAUD GENERATORS
  166:
  167:	  005D	75 A8 98			MOV IE,#98H
  168:	  0060	75 B8 08			MOV IP,#08H
  169:
  170:	  0063	75 8D 3C			MOV TH1,#3CH
  171:	  0066	75 8B B0			MOV TL1,#0B0H
  172:	  0069	D2 8E				SETB TR1
  173:	  006B	D2 8C				SETB TR0
  174:
  175:	  006D	E4				CLR A		;INITIALIZATION
  176:	  006E	F5 90				MOV P1,A
  177:	  0070	F5 A0				MOV P2,A
  178:	  0072	78 00				MOV R0,#00H
  179:	  0074	7A 00				MOV R2,#00H
  180:	  0076	7C 00				MOV R4,#00H
  181:	  0078	75 32 30			MOV 32H,#30H	;ASCII ZEROS
  182:	  007B	75 31 30			MOV 31H,#30H
  183:	  007E	75 30 30			MOV 30H,#30H
  184:	  0081	D2 B4				SETB P3.4	;CONFIGURE AS INPUT PIN
  185:
  186:
  187:	  0083	75 3B 07			MOV 3BH,#07H
  188:	  0086	75 3C 02			MOV 3CH,#02H
  189:	  0089	75 3D 01			MOV 3DH,#01H
  190:	  008C	75 3E 01			MOV 3EH,#01H
  191:	  008F	75 3F 01			MOV 3FH,#01H
  192:
  193:
  194:	  0092	75 98 40			MOV SCON,#40H		;SERIAL INITIALIZATION
  195:	  0095	53 87 7F			ANL PCON,#7FH
  196:	  0098	75 C8 30			MOV T2CON,#30H
  197:	  009B	75 CB FF			MOV RCAP2H,#0FFH	;9600 BPS
  198:	  009E	75 CA D9			MOV RCAP2L,#0D9H
  199:
  200:
  201:
  202:	  00A1	7F 32		DELAY_INI:	MOV R7,#32H	; 4 SECONDS APPROX.
  203:	  00A3	7E FF				MOV R6,#0FFH
  204:	  00A5	7D FF				MOV R5,#0FFH

ASEM-51 V1.3                                         Copyright (c) 2002 by W.W. Heinz                                         PAGE 5



 Line  I  Addr  Code            Source

  205:	  00A7	DD FE				DJNZ R5,$
  206:	  00A9	DE FC				DJNZ R6,$-2
  207:	  00AB	DF FB				DJNZ R7,$-3
  208:
  209:
  210:						;SETB TR2
  211:	  00AD	75 55 32			MOV 55H,#32H
  212:	  00B0	75 56 00			MOV 56H,#00H		;INITIALIZE TRACE BYTE
  213:						;LCALL XMIT		;START SERIAL COMM.
  214:
  215:
  216:				;INITIALIZATIONS END HERE
  217:				;---------------------------------------------------------------------------------------------------
				--
  218:				;---------------------------------------------------------------------------------------------------
				--
  219:				;THE PROGRAM MAIN BEGINS
  220:				;MAIN
  221:
  222:
  223:	  00B3	8A 33		MAIN_T:		MOV 33H,R2
  224:	  00B5	A8 33				MOV R0,33H
  225:
  226:	  00B7	74 38		LCD_BGN:	MOV A,#38H
  227:	  00B9	12 02 2F			LCALL COMMAND
  228:	  00BC	74 0C				MOV A,#0CH
  229:	  00BE	12 02 2F			LCALL COMMAND
  230:	  00C1	74 06				MOV A,#06H
  231:	  00C3	12 02 2F			LCALL COMMAND
  232:	  00C6	74 01				MOV A,#01H
  233:	  00C8	12 02 2F			LCALL COMMAND
  234:
  235:
  236:
  237:	  00CB	E8		BCD_ASC:	MOV A,R0	; BINARY TO BCD TO ASCII
  238:	  00CC	75 F0 64			MOV B,#64H
  239:	  00CF	84				DIV AB
  240:	  00D0	24 30				ADD A,#30H
  241:	  00D2	F5 32				MOV 32H,A
  242:	  00D4	E5 F0				MOV A,B
  243:	  00D6	75 F0 0A			MOV B,#0AH
  244:	  00D9	84				DIV AB
  245:	  00DA	24 30				ADD A,#30H
  246:	  00DC	F5 31				MOV 31H,A
  247:	  00DE	E5 F0				MOV A,B
  248:	  00E0	24 30				ADD A,#30H
  249:	  00E2	F5 30				MOV 30H,A	; COUNT PLACED IN 32H:31H:30H AS ASCII VALUES OF THE THREE DIGITS
  250:
  251:				;---------------------------------------------------------------------------------------------------
				------
  252:				;RESTART SERIAL TRANSMISSION FOR THE PRESENT PASS
  253:				;STILL IN MAIN
  254:
  255:	  00E4	D2 CA		RESTR_SER:	SETB TR2
  256:	  00E6	12 02 5E			LCALL XMIT		;RESTART SERIAL COMM.
  257:

ASEM-51 V1.3                                         Copyright (c) 2002 by W.W. Heinz                                         PAGE 6



 Line  I  Addr  Code            Source

  258:
  259:
  260:				;---------------------------------------------------------------------------------------------------
				------
  261:				;ANALOG LEVEL METER
  262:				;LEVEL STORER
  263:				;RAM 3AH:39H:38H:37H::8'S:4'S:2'S:1'S
  264:				;INTEGRATED-14/03/2008
  265:				;STILL IN MAIN
  266:
  267:	  00E9	E5 33		LEVL8:		MOV A,33H
  268:	  00EB	75 F0 08			MOV B,#08H
  269:	  00EE	84				DIV AB
  270:	  00EF	F5 3A				MOV 3AH,A
  271:	  00F1	E5 F0				MOV A,B
  272:	  00F3	75 F0 04			MOV B,#04H
  273:	  00F6	84				DIV AB
  274:	  00F7	F5 39				MOV 39H,A
  275:	  00F9	E5 F0				MOV A,B
  276:	  00FB	75 F0 02			MOV B,#02H
  277:	  00FE	84				DIV AB
  278:	  00FF	F5 38				MOV 38H,A
  279:	  0101	85 F0 37			MOV 37H,B
  280:
  281:	  0104	00		FINISHED:	NOP
  282:
  283:				;---------------------------------------------------------------------------------------------------
				------
  284:				;LCD DISPLAY ROUTINES
  285:				;STILL IN MAIN
  286:
  287:	  0105	90 0F 00	LCD_RTN0:	MOV DPTR,#MSG1
  288:	  0108	E4		RPT0:		CLR A
  289:	  0109	93				MOVC A,@A+DPTR
  290:	  010A	B4 FF 02			CJNE A,#0FFH,NEXT0
  291:	  010D	80 06				SJMP OVER0
  292:	  010F	12 02 3E	NEXT0:		LCALL DISPLAY
  293:	  0112	A3				INC DPTR
  294:	  0113	80 F3				SJMP RPT0
  295:	  0115	00		OVER0:		NOP
  296:
  297:
  298:	  0116	E5 32		LCD_RTN1:	MOV A,32H
  299:	  0118	12 02 3E			LCALL DISPLAY
  300:	  011B	E5 31				MOV A,31H
  301:	  011D	12 02 3E			LCALL DISPLAY
  302:	  0120	E5 30				MOV A,30H
  303:	  0122	12 02 3E			LCALL DISPLAY
  304:	  0125	00		OVER1:		NOP
  305:
  306:
  307:	  0126	90 0F 0F	LCD_RTN2:	MOV DPTR,#MSG2
  308:	  0129	E4		RPT2:		CLR A
  309:	  012A	93				MOVC A,@A+DPTR
  310:	  012B	B4 FF 02			CJNE A,#0FFH,NEXT2
  311:	  012E	80 06				SJMP OVER2

ASEM-51 V1.3                                         Copyright (c) 2002 by W.W. Heinz                                         PAGE 7



 Line  I  Addr  Code            Source

  312:	  0130	12 02 3E	NEXT2:		LCALL DISPLAY
  313:	  0133	A3				INC DPTR
  314:	  0134	80 F3				SJMP RPT2
  315:	  0136	00		OVER2:		NOP
  316:
  317:				;---------------------------------------------------------------------------------------------------
				---------
  318:				;ANALOG LEVEL METER
  319:				;INTEGRATED-14/03/2008
  320:				;STILL IN MAIN
  321:
  322:	  0137	74 40		AL_MTR:	MOV A,#40H
  323:	  0139	FF			MOV R7,A
  324:	  013A	12 02 2F		LCALL COMMAND
  325:
  326:	  013D	12 01 6B		LCALL CG_CLR
  327:
  328:	  0140	74 40			MOV A,#40H
  329:	  0142	FF			MOV R7,A
  330:	  0143	12 02 2F		LCALL COMMAND
  331:
  332:	  0146	12 01 75		LCALL CG_LOAD
  333:
  334:	  0149	74 C0			MOV A,#0C0H		;SET DDRAM ADDRESS TO 40H = LINE 2 OF LCD
  335:	  014B	12 02 2F		LCALL COMMAND
  336:
  337:	  014E	74 00			MOV A,#00H
  338:	  0150	12 02 3E	BACK:	LCALL DISPLAY
  339:	  0153	04			INC A
  340:	  0154	B4 08 F9		CJNE A,#08H,BACK
  341:
  342:	  0157	74 02			MOV A,#02H
  343:	  0159	12 02 2F		LCALL COMMAND
  344:
  345:				;---------------------------------------------------------------------------------------------------
				---------
  346:				;STILL IN MAIN
  347:						;INC R2         TEST INSTRUCTION
  348:	  015C	7F 0C		DELAY_VISUAL:	MOV R7,#0CH	; 0.9 SECONDS APPROX.
  349:	  015E	7E FF				MOV R6,#0FFH
  350:	  0160	7D FF				MOV R5,#0FFH
  351:	  0162	DD FE				DJNZ R5,$
  352:	  0164	DE FC				DJNZ R6,$-2
  353:	  0166	DF FA				DJNZ R7,$-4
  354:
  355:	  0168	02 00 B3	STAY_END:	LJMP MAIN_T
  356:
  357:
  358:
  359:
  360:
  361:
  362:				;///////////////////////////////////////////////////////////////////////////////////////////////////
				/////////
  363:				;MAIN ENDS HERE : : : : : : : : : : : : : : : : : : :: : : : : : : : : : : : : : : : :: : : : : : :
				: : : : :

ASEM-51 V1.3                                         Copyright (c) 2002 by W.W. Heinz                                         PAGE 8



 Line  I  Addr  Code            Source

  364:				;///////////////////////////////////////////////////////////////////////////////////////////////////
				/////////
  365:
  366:
  367:				;---------------------------------------------------------------------------------------------------
				---------
  368:				;FUNCTION 1
  369:				;CLEAR CGRAM DATA
  370:
  371:	  016B	7E 40		CG_CLR:	MOV R6,#40H
  372:	  016D	74 00		RPTC:	MOV A,#00H
  373:	  016F	12 02 3E		LCALL DISPLAY
  374:	  0172	DE F9			DJNZ R6,RPTC
  375:	  0174	22			RET
  376:
  377:				;---------------------------------------------------------------------------------------------------
				---------
  378:				;FUNCTION 2
  379:				;LOAD THE CHARACTER PATTERNS IN CGRAM
  380:
  381:	  0175	7B 00		CG_LOAD:MOV R3,#00H
  382:
  383:	  0177	AD 3A		DIS_8:	MOV R5,3AH
  384:	  0179	BD 00 02		CJNE R5,#00H,NXT80
  385:	  017C	80 16			SJMP OVR0
  386:	  017E	AE 3C		NXT80:	MOV R6,3CH
  387:	  0180	A9 3B		NXT801:	MOV R1,3BH
  388:	  0182	74 1F		NXT8:	MOV A,#1FH
  389:	  0184	0B			INC R3
  390:	  0185	12 02 3E		LCALL DISPLAY
  391:	  0188	D9 F8			DJNZ R1,NXT8
  392:	  018A	74 00			MOV A,#00H
  393:	  018C	0B			INC R3
  394:	  018D	12 02 3E		LCALL DISPLAY
  395:
  396:	  0190	DE EE			DJNZ R6,NXT801
  397:	  0192	DD EA			DJNZ R5,NXT80
  398:	  0194	00		OVR0:	NOP
  399:
  400:	  0195	BB 40 03		CJNE R3,#40H,FRR0
  401:	  0198	02 02 2D	FRRG0:	LJMP OVER
  402:	  019B	50 FB		FRR0:	JNC FRRG0
  403:
  404:
  405:	  019D	AD 39		DIS_4:	MOV R5,39H
  406:	  019F	BD 00 02		CJNE R5,#00H,NXT40
  407:	  01A2	80 14			SJMP OVR1
  408:	  01A4	AE 3D		NXT40:	MOV R6,3DH
  409:	  01A6	A9 3B		NXT401:	MOV R1,3BH
  410:	  01A8	74 1F		NXT4:	MOV A,#1FH
  411:	  01AA	0B			INC R3
  412:	  01AB	12 02 3E		LCALL DISPLAY
  413:	  01AE	D9 F8			DJNZ R1,NXT4
  414:	  01B0	74 00			MOV A,#00H
  415:	  01B2	0B			INC R3
  416:	  01B3	12 02 3E		LCALL DISPLAY

ASEM-51 V1.3                                         Copyright (c) 2002 by W.W. Heinz                                         PAGE 9



 Line  I  Addr  Code            Source

  417:	  01B6	DE EE			DJNZ R6,NXT401
  418:	  01B8	00		OVR1:	NOP
  419:
  420:	  01B9	BB 40 03		CJNE R3,#40H,FRR1
  421:	  01BC	02 02 2D	FRRG1:	LJMP OVER
  422:	  01BF	50 FB		FRR1:	JNC FRRG1
  423:
  424:	  01C1	AD 38		DIS_21:	MOV R5,38H
  425:	  01C3	BD 00 02		CJNE R5,#00H,NXT20
  426:	  01C6	80 3F			SJMP DIS_1
  427:
  428:	  01C8	AD 37		NXT20:	MOV R5,37H
  429:	  01CA	A9 3B			MOV R1,3BH
  430:	  01CC	BD 00 10		CJNE R5,#00H,NXT210
  431:	  01CF	74 1E		NXT2:	MOV A,#1EH
  432:	  01D1	0B			INC R3
  433:	  01D2	12 02 3E		LCALL DISPLAY
  434:	  01D5	D9 F8			DJNZ R1,NXT2
  435:	  01D7	74 00			MOV A,#00H
  436:	  01D9	0B			INC R3
  437:	  01DA	12 02 3E		LCALL DISPLAY
  438:	  01DD	80 3F			SJMP CLRR
  439:
  440:	  01DF	74 1F		NXT210:	MOV A,#1FH
  441:	  01E1	0B			INC R3
  442:	  01E2	12 02 3E		LCALL DISPLAY
  443:	  01E5	D9 F8			DJNZ R1,NXT210
  444:	  01E7	74 00			MOV A,#00H
  445:	  01E9	0B			INC R3
  446:	  01EA	12 02 3E		LCALL DISPLAY
  447:
  448:	  01ED	BB 40 03		CJNE R3,#40H,FRR2
  449:	  01F0	02 02 2D	FRRG2:	LJMP OVER
  450:	  01F3	50 FB		FRR2:	JNC FRRG2
  451:
  452:	  01F5	A9 3B			MOV R1,3BH
  453:	  01F7	74 10		NXT2101:MOV A,#10H
  454:	  01F9	0B			INC R3
  455:	  01FA	12 02 3E		LCALL DISPLAY
  456:	  01FD	D9 F8			DJNZ R1,NXT2101
  457:	  01FF	74 00			MOV A,#00H
  458:	  0201	0B			INC R3
  459:	  0202	12 02 3E		LCALL DISPLAY
  460:	  0205	80 17			SJMP CLRR
  461:
  462:
  463:	  0207	A9 3B		DIS_1:	MOV R1,3BH
  464:	  0209	AD 37			MOV R5,37H
  465:	  020B	BD 00 02		CJNE R5,#00H,REP1
  466:	  020E	80 0E			SJMP CLRR
  467:	  0210	74 18		REP1:	MOV A,#18H
  468:	  0212	0B			INC R3
  469:	  0213	12 02 3E		LCALL DISPLAY
  470:	  0216	D9 F8			DJNZ R1,REP1
  471:	  0218	74 00			MOV A,#00H
  472:	  021A	0B			INC R3

ASEM-51 V1.3                                        Copyright (c) 2002 by W.W. Heinz                                         PAGE 10



 Line  I  Addr  Code            Source

  473:	  021B	12 02 3E		LCALL DISPLAY
  474:
  475:	  021E	74 00		CLRR:	MOV A,#00H
  476:	  0220	BB 40 02		CJNE R3,#40H,REPR
  477:	  0223	80 08			SJMP OVER
  478:	  0225	50 06		REPR:	JNC OVER
  479:	  0227	0B			INC R3
  480:	  0228	12 02 3E		LCALL DISPLAY
  481:	  022B	80 F1			SJMP CLRR
  482:
  483:	  022D	00		OVER:	NOP
  484:	  022E	22			RET
  485:
  486:				;---------------------------------------------------------------------------------------------------
				---------
  487:				;FUNCTIONS 3,4,5
  488:				;LCD FUNCTIONS
  489:
  490:	  022F	12 02 4D	COMMAND:	LCALL READY
  491:	  0232	C2 92				CLR P1.2
  492:	  0234	C2 91				CLR P1.1
  493:	  0236	F5 A0				MOV P2,A
  494:	  0238	D2 93				SETB P1.3
  495:	  023A	00				NOP
  496:	  023B	C2 93				CLR P1.3
  497:	  023D	22				RET
  498:
  499:	  023E	12 02 4D	DISPLAY:	LCALL READY
  500:	  0241	C2 92				CLR P1.2
  501:	  0243	D2 91				SETB P1.1
  502:	  0245	F5 A0				MOV P2,A
  503:	  0247	D2 93				SETB P1.3
  504:	  0249	00				NOP
  505:	  024A	C2 93				CLR P1.3
  506:	  024C	22				RET
  507:
  508:
  509:	  024D	D2 A7		READY:		SETB P2.7
  510:	  024F	C2 91				CLR P1.1
  511:	  0251	D2 92				SETB P1.2
  512:	  0253	C2 93		BUSY:		CLR P1.3
  513:	  0255	D2 93				SETB P1.3
  514:	  0257	20 A7 F9			JB P2.7,BUSY
  515:	  025A	00				NOP
  516:	  025B	C2 93				CLR P1.3
  517:	  025D	22				RET
  518:
  519:				;---------------------------------------------------------------------------------------------------
				--------
  520:				;FUNCTION 6
  521:				;SERIAL TRANSMISSION CONTROL ROUTINE
  522:
  523:	  025E	C0 E0		XMIT:		PUSH ACC
  524:	  0260	C0 00				PUSH 00H
  525:
  526:	  0262	E4		XMIT0:		CLR A

ASEM-51 V1.3                                        Copyright (c) 2002 by W.W. Heinz                                         PAGE 11



 Line  I  Addr  Code            Source

  527:	  0263	A8 55				MOV R0,55H
  528:	  0265	B8 2F 0B			CJNE R0,#2FH,CONTS
  529:	  0268	78 32				MOV R0,#32H
  530:	  026A	74 0D				MOV A,#0DH
  531:	  026C	75 56 A5			MOV 56H,#0A5H		;LEAVE A TRACE
  532:	  026F	F5 99				MOV SBUF,A
  533:	  0271	80 04				SJMP TRIP
  534:
  535:	  0273	E6		CONTS:		MOV A,@R0
  536:	  0274	F5 99				MOV SBUF,A
  537:	  0276	18				DEC R0
  538:
  539:	  0277	88 55		TRIP:		MOV 55H,R0
  540:	  0279	D0 00				POP 00H
  541:	  027B	D0 E0				POP ACC
  542:	  027D	22				RET
  543:
  544:				;---------------------------------------------------------------------------------------------------
				--------
  545:				;FUNCTION 7
  546:				;INTERRUPT SERVICE ROUTINE FOR TIMER1 GEN-50MSx20
  547:
  548:
  549:		N      001B	ORG 001BH
  550:	  001B	02 08 00			LJMP 0800H
  551:		N      0800	ORG 0800H
  552:	  0800	C2 8E				CLR TR1
  553:	  0802	75 8D 3C			MOV TH1,#3CH
  554:	  0805	75 8B BA			MOV TL1,#0BAH
  555:	  0808	0C				INC R4
  556:	  0809	D2 8E				SETB TR1
  557:	  080B	BC 14 18			CJNE R4,#14H,SKIP
  558:	  080E	7C 00				MOV R4,#00H
  559:	  0810	C2 8C				CLR TR0
  560:	  0812	C2 8E				CLR TR1
  561:	  0814	AA 8A				MOV R2,TL0	;ABSORB LOWER BYTE
  562:
  563:
  564:						;INC R2		;TEST INSTRUCTION
  565:	  0816	75 8C 00			MOV TH0,#00H
  566:	  0819	75 8A 00			MOV TL0,#00H
  567:	  081C	75 8D 3C			MOV TH1,#3CH
  568:	  081F	75 8B BA			MOV TL1,#0BAH
  569:	  0822	D2 8C				SETB TR0
  570:	  0824	D2 8E				SETB TR1
  571:	  0826	32		SKIP:		RETI
  572:
  573:
  574:				;---------------------------------------------------------------------------------------------------
				--------
  575:				;FUNCTION 8
  576:				;SERIAL INTERRUPT ROUTINE
  577:
  578:		N      0023	ORG 0023H
  579:
  580:	  0023	02 09 00			LJMP 0900H

ASEM-51 V1.3                                        Copyright (c) 2002 by W.W. Heinz                                         PAGE 12



 Line  I  Addr  Code            Source

  581:		N      0900	ORG 0900H
  582:
  583:	  0900	00		SER_INT:	NOP
  584:	  0901	C2 99				CLR TI
  585:
  586:	  0903	C0 E0				PUSH ACC
  587:	  0905	E5 56				MOV A,56H		;GET TRACE BYTE
  588:	  0907	B4 A5 07			CJNE A,#0A5H,STPW
  589:	  090A	C2 CA				CLR TR2			;STOP TIMER2
  590:	  090C	75 56 00			MOV 56H,#00H		;ERASE TRACE
  591:	  090F	80 04				SJMP TMPSTP
  592:
  593:	  0911	00		STPW:		NOP
  594:	  0912	12 02 5E			LCALL XMIT
  595:	  0915	00		TMPSTP:		NOP
  596:	  0916	D0 E0				POP ACC
  597:	  0918	32				RETI
  598:
  599:
  600:
  601:				;---------------------------------------------------------------------------------------------------
				--------
  602:				;MESSAGES AND DISPLAY PATTERNS
  603:
  604:
  605:		N      0F00	ORG 0F00H
  606:
  607:	  0F00	53 50 45 45	MSG1: DB 'SPEED = '
	  0F04	44 20 3D 20
  608:
  609:		N      0F0F	ORG  0F0FH
  610:
  611:	  0F0F	20 52 50 53	MSG2: DB ' RPS'
  612:
  613:		N      0F20	ORG 0F20H
  614:
  615:	  0F20	49 6E 69 74	MSG3:	DB'Initialising...'
	  0F24	69 61 6C 69
	  0F28	73 69 6E 67
	  0F2C	2E 2E 2E
  616:
  617:		N      0F30	ORG 0F30H
  618:
  619:	  0F30	52 75 6E 6E	MSG5: 	DB'Running comm chk'
	  0F34	69 6E 67 20
	  0F38	63 6F 6D 6D
	  0F3C	20 63 68 6B
  620:
  621:				END
  622:
  623:				; SOFTWARE ENDS
  624:				;///////////////////////////////////////////////////////////////////////////////////////////////////
				/////////
  625:				;///////////////////////////////////////////////////////////////////////////////////////////////////
				/////////
  626:				;///////////////////////////////////////////////////////////////////////////////////////////////////

ASEM-51 V1.3                                        Copyright (c) 2002 by W.W. Heinz                                         PAGE 13



 Line  I  Addr  Code            Source

				/////////





                     register banks used:  ---

                     no errors




ASEM-51 V1.3                                        Copyright (c) 2002 by W.W. Heinz                                         PAGE 14





	       L I S T   O F   S Y M B O L S
	       =============================


SYMBOL				  TYPE     VALUE	LINE
------------------------------------------------------------
??ASEM_51			  NUMBER    8051
??VERSION			  NUMBER    0130
AC				  BIT	      D6	 109
ACC				  DATA	      E0	  54
AL_MTR				  CODE	    0137	 322
B				  DATA	      F0	  55
BACK				  CODE	    0150	 338
BCD_ASC				  CODE	    00CB	 237
BUSY				  CODE	    0253	 512
CG_CLR				  CODE	    016B	 371
CG_LOAD				  CODE	    0175	 381
CLRR				  CODE	    021E	 475
COMMAND				  CODE	    022F	 490
CONTS				  CODE	    0273	 535
CPRL2				  BIT	      C8	  96
CT2				  BIT	      C9	  97
CY				  BIT	      D7	 110
DELAY_INI			  CODE	    00A1	 202
DELAY_VISUAL			  CODE	    015C	 348
DISPLAY				  CODE	    023E	 499
DIS_1				  CODE	    0207	 463
DIS_21				  CODE	    01C1	 424
DIS_4				  CODE	    019D	 405
DIS_8				  CODE	    0177	 383
DPH				  DATA	      83	  32
DPL				  DATA	      82	  31
EA				  BIT	      AF	  81
ES				  BIT	      AC	  79
ET0				  BIT	      A9	  76
ET1				  BIT	      AB	  78
ET2				  BIT	      AD	  80
EX0				  BIT	      A8	  75
EX1				  BIT	      AA	  77
EXEN2				  BIT	      CB	  99
EXF2				  BIT	      CE	 102
EXTI0				  CODE	    0003	 113
EXTI1				  CODE	    0013	 115
F0				  BIT	      D5	 108
FINISHED			  CODE	    0104	 281
FRR0				  CODE	    019B	 402
FRR1				  CODE	    01BF	 422
FRR2				  CODE	    01F3	 450
FRRG0				  CODE	    0198	 401
FRRG1				  CODE	    01BC	 421
FRRG2				  CODE	    01F0	 449
IE				  DATA	      A8	  44
IE0				  BIT	      89	  58
IE1				  BIT	      8B	  60
INI_DIS				  CODE	    0030	 129
INT0				  BIT	      B2	  84

ASEM-51 V1.3                                        Copyright (c) 2002 by W.W. Heinz                                         PAGE 15



SYMBOL				  TYPE     VALUE	LINE
------------------------------------------------------------
INT1				  BIT	      B3	  85
IP				  DATA	      B8	  46
IT0				  BIT	      88	  57
IT1				  BIT	      8A	  59
LCD_BGN				  CODE	    00B7	 226
LCD_RTN0			  CODE	    0105	 287
LCD_RTN1			  CODE	    0116	 298
LCD_RTN2			  CODE	    0126	 307
LEVL8				  CODE	    00E9	 267
MAIN_T				  CODE	    00B3	 223
MSG1				  CODE	    0F00	 607
MSG2				  CODE	    0F0F	 611
MSG3				  CODE	    0F20	 615
MSG5				  CODE	    0F30	 619
NEXT0				  CODE	    010F	 292
NEXT2				  CODE	    0130	 312
NXINI				  CODE	    004C	 143
NXT2				  CODE	    01CF	 431
NXT20				  CODE	    01C8	 428
NXT210				  CODE	    01DF	 440
NXT2101				  CODE	    01F7	 453
NXT4				  CODE	    01A8	 410
NXT40				  CODE	    01A4	 408
NXT401				  CODE	    01A6	 409
NXT8				  CODE	    0182	 388
NXT80				  CODE	    017E	 386
NXT801				  CODE	    0180	 387
OUTR				  CODE	    0059	 151
OV				  BIT	      D2	 105
OVER				  CODE	    022D	 483
OVER0				  CODE	    0115	 295
OVER1				  CODE	    0125	 304
OVER2				  CODE	    0136	 315
OVR0				  CODE	    0194	 398
OVR1				  CODE	    01B8	 418
P				  BIT	      D0	 104
P0				  DATA	      80	  29
P1				  DATA	      90	  40
P2				  DATA	      A0	  43
P3				  DATA	      B0	  45
PCON				  DATA	      87	  33
PRCD				  CODE	    0053	 147
PS				  BIT	      BC	  94
PSW				  DATA	      D0	  53
PT0				  BIT	      B9	  91
PT1				  BIT	      BB	  93
PT2				  BIT	      BD	  95
PX0				  BIT	      B8	  90
PX1				  BIT	      BA	  92
RB8				  BIT	      9A	  69
RCAP2H				  DATA	      CB	  50
RCAP2L				  DATA	      CA	  49
RCLK				  BIT	      CD	 101
RD				  BIT	      B7	  89
READY				  CODE	    024D	 509
REN				  BIT	      9C	  71

ASEM-51 V1.3                                        Copyright (c) 2002 by W.W. Heinz                                         PAGE 16



SYMBOL				  TYPE     VALUE	LINE
------------------------------------------------------------
REP1				  CODE	    0210	 467
REPR				  CODE	    0225	 478
RESET				  CODE	    0000	 112
RESTR_SER			  CODE	    00E4	 255
RI				  BIT	      98	  67
RPT0				  CODE	    0108	 288
RPT2				  CODE	    0129	 308
RPTC				  CODE	    016D	 372
RS0				  BIT	      D3	 106
RS1				  BIT	      D4	 107
RXD				  BIT	      B0	  82
SBUF				  DATA	      99	  42
SCON				  DATA	      98	  41
SER_INT				  CODE	    0900	 583
SINT				  CODE	    0023	 117
SKIP				  CODE	    0826	 571
SM0				  BIT	      9F	  74
SM1				  BIT	      9E	  73
SM2				  BIT	      9D	  72
SP				  DATA	      81	  30
START				  CODE	    005A	 165
STAY_END			  CODE	    0168	 355
STPW				  CODE	    0911	 593
T0				  BIT	      B4	  86
T1				  BIT	      B5	  87
T2				  BIT	      90	  65
T2CON				  DATA	      C8	  47
T2EX				  BIT	      91	  66
T2MOD				  DATA	      C9	  48
TB8				  BIT	      9B	  70
TCLK				  BIT	      CC	 100
TCON				  DATA	      88	  34
TF0				  BIT	      8D	  62
TF1				  BIT	      8F	  64
TF2				  BIT	      CF	 103
TH0				  DATA	      8C	  38
TH1				  DATA	      8D	  39
TH2				  DATA	      CD	  52
TI				  BIT	      99	  68
TIMER0				  CODE	    000B	 114
TIMER1				  CODE	    001B	 116
TIMER2				  CODE	    002B	 118
TL0				  DATA	      8A	  36
TL1				  DATA	      8B	  37
TL2				  DATA	      CC	  51
TMOD				  DATA	      89	  35
TMPSTP				  CODE	    0915	 595
TR0				  BIT	      8C	  61
TR1				  BIT	      8E	  63
TR2				  BIT	      CA	  98
TRIP				  CODE	    0277	 539
TXD				  BIT	      B1	  83
WR				  BIT	      B6	  88
XMIT				  CODE	    025E	 523
XMIT0				  CODE	    0262	 526
