
ASEM-51 V1.3                                         Copyright (c) 2002 by W.W. Heinz                                         PAGE 1





       MCS-51 Family Macro Assembler   A S E M - 5 1   V 1.3
       =====================================================



	Source File:	123.ASM
	Object File:	123.hex
	List File:	123.lst



 Line  I  Addr  Code            Source

    1:				;SERIAL RECEIVE FROM PC STD KEYBOARD
    2:
    3:				;RUN SUCCESS
    4:
    5:				;2 LINE CONTINUOUS DISPLAY WITH BACKSPACE CORRECTION ON 16x2 LCD
    6:
    7:				;ASTER
    8:				;28/07/2008
    9:
   10:
   11:
   12:				;CONNECTIONS :::::::::::::::::::::: 		;LCD- NORMAL
   13:										;RXD- P3.0
   14:										;TXD- P3.1
   15:
   16:				$NOMOD51
   17:				$INCLUDE (89C52.MCU)
   18: 1			;   AT89C52 processor definition file
   19: 1			;   =================================
   20: 1
   21: 1	N	 80	P0	DATA	080H
   22: 1	N	 81	SP	DATA	081H
   23: 1	N	 82	DPL	DATA	082H
   24: 1	N	 83	DPH	DATA	083H
   25: 1	N	 87	PCON	DATA	087H
   26: 1	N	 88	TCON	DATA	088H
   27: 1	N	 89	TMOD	DATA	089H
   28: 1	N	 8A	TL0	DATA	08AH
   29: 1	N	 8B	TL1	DATA	08BH
   30: 1	N	 8C	TH0	DATA	08CH
   31: 1	N	 8D	TH1	DATA	08DH
   32: 1	N	 90	P1	DATA	090H
   33: 1	N	 98	SCON	DATA	098H
   34: 1	N	 99	SBUF	DATA	099H
   35: 1	N	 A0	P2	DATA	0A0H
   36: 1	N	 A8	IE	DATA	0A8H
   37: 1	N	 B0	P3	DATA	0B0H
   38: 1	N	 B8	IP	DATA	0B8H
   39: 1	N	 C8	T2CON	DATA	0C8H
   40: 1	N	 C9	T2MOD	DATA	0C9H
   41: 1	N	 CA	RCAP2L	DATA	0CAH
   42: 1	N	 CB	RCAP2H	DATA	0CBH
   43: 1	N	 CC	TL2	DATA	0CCH

ASEM-51 V1.3                                         Copyright (c) 2002 by W.W. Heinz                                         PAGE 2



 Line  I  Addr  Code            Source

   44: 1	N	 CD	TH2	DATA	0CDH
   45: 1	N	 D0	PSW	DATA	0D0H
   46: 1	N	 E0	ACC	DATA	0E0H
   47: 1	N	 F0	B	DATA	0F0H
   48: 1
   49: 1	N	 88	IT0	BIT	088H
   50: 1	N	 89	IE0	BIT	089H
   51: 1	N	 8A	IT1	BIT	08AH
   52: 1	N	 8B	IE1	BIT	08BH
   53: 1	N	 8C	TR0	BIT	08CH
   54: 1	N	 8D	TF0	BIT	08DH
   55: 1	N	 8E	TR1	BIT	08EH
   56: 1	N	 8F	TF1	BIT	08FH
   57: 1	N	 90	T2	BIT	090H
   58: 1	N	 91	T2EX	BIT	091H
   59: 1	N	 98	RI	BIT	098H
   60: 1	N	 99	TI	BIT	099H
   61: 1	N	 9A	RB8	BIT	09AH
   62: 1	N	 9B	TB8	BIT	09BH
   63: 1	N	 9C	REN	BIT	09CH
   64: 1	N	 9D	SM2	BIT	09DH
   65: 1	N	 9E	SM1	BIT	09EH
   66: 1	N	 9F	SM0	BIT	09FH
   67: 1	N	 A8	EX0	BIT	0A8H
   68: 1	N	 A9	ET0	BIT	0A9H
   69: 1	N	 AA	EX1	BIT	0AAH
   70: 1	N	 AB	ET1	BIT	0ABH
   71: 1	N	 AC	ES	BIT	0ACH
   72: 1	N	 AD	ET2	BIT	0ADH
   73: 1	N	 AF	EA	BIT	0AFH
   74: 1	N	 B0	RXD	BIT	0B0H
   75: 1	N	 B1	TXD	BIT	0B1H
   76: 1	N	 B2	INT0	BIT	0B2H
   77: 1	N	 B3	INT1	BIT	0B3H
   78: 1	N	 B4	T0	BIT	0B4H
   79: 1	N	 B5	T1	BIT	0B5H
   80: 1	N	 B6	WR	BIT	0B6H
   81: 1	N	 B7	RD	BIT	0B7H
   82: 1	N	 B8	PX0	BIT	0B8H
   83: 1	N	 B9	PT0	BIT	0B9H
   84: 1	N	 BA	PX1	BIT	0BAH
   85: 1	N	 BB	PT1	BIT	0BBH
   86: 1	N	 BC	PS	BIT	0BCH
   87: 1	N	 BD	PT2	BIT	0BDH
   88: 1	N	 C8	CPRL2	BIT	0C8H
   89: 1	N	 C9	CT2	BIT	0C9H
   90: 1	N	 CA	TR2	BIT	0CAH
   91: 1	N	 CB	EXEN2	BIT	0CBH
   92: 1	N	 CC	TCLK	BIT	0CCH
   93: 1	N	 CD	RCLK	BIT	0CDH
   94: 1	N	 CE	EXF2	BIT	0CEH
   95: 1	N	 CF	TF2	BIT	0CFH
   96: 1	N	 D0	P	BIT	0D0H
   97: 1	N	 D2	OV	BIT	0D2H
   98: 1	N	 D3	RS0	BIT	0D3H
   99: 1	N	 D4	RS1	BIT	0D4H

ASEM-51 V1.3                                         Copyright (c) 2002 by W.W. Heinz                                         PAGE 3



 Line  I  Addr  Code            Source

  100: 1	N	 D5	F0	BIT	0D5H
  101: 1	N	 D6	AC	BIT	0D6H
  102: 1	N	 D7	CY	BIT	0D7H
  103: 1
  104: 1	N      0000	RESET	CODE	000H
  105: 1	N      0003	EXTI0	CODE	003H
  106: 1	N      000B	TIMER0	CODE	00BH
  107: 1	N      0013	EXTI1	CODE	013H
  108: 1	N      001B	TIMER1	CODE	01BH
  109: 1	N      0023	SINT	CODE	023H
  110: 1	N      002B	TIMER2	CODE	02BH
  111:
  112:
  113:
  114:
  115:		N      0000	ORG 0000H
  116:	  0000	80 2E		SJMP 0030H
  117:
  118:
  119:		N      0030	ORG 0030H
  120:
  121:
  122:
  123:	  0030	E4		START:		CLR A
  124:	  0031	F5 90				MOV P1,A
  125:	  0033	F5 A0				MOV P2,A
  126:	  0035	F5 B0				MOV P3,A
  127:	  0037	D2 B0				SETB P3.0
  128:	  0039	F9				MOV R1,A
  129:
  130:
  131:	  003A	74 38		INIT:		MOV A,#38H
  132:	  003C	12 00 67			LCALL COMMAND
  133:	  003F	74 0E				MOV A,#0EH
  134:	  0041	12 00 67			LCALL COMMAND
  135:	  0044	74 06				MOV A,#06H
  136:	  0046	12 00 67			LCALL COMMAND
  137:	  0049	74 01				MOV A,#01H
  138:	  004B	12 00 67			LCALL COMMAND
  139:
  140:
  141:
  142:	  004E	75 98 50	STARTS:		MOV SCON,#50H
  143:	  0051	53 87 7F			ANL PCON,#7FH
  144:
  145:	  0054	75 A8 90			MOV IE,#90H
  146:	  0057	75 B8 10			MOV IP,#10H
  147:
  148:	  005A	75 C8 30			MOV T2CON,#30H
  149:	  005D	75 CB FF			MOV RCAP2H,#0FFH	;9600 bps
  150:	  0060	75 CA D9			MOV RCAP2L,#0D9H
  151:
  152:	  0063	D2 CA				SETB TR2
  153:
  154:
  155:	  0065	80 FE		HERE:		SJMP HERE

ASEM-51 V1.3                                         Copyright (c) 2002 by W.W. Heinz                                         PAGE 4



 Line  I  Addr  Code            Source

  156:
  157:
  158:
  159:
  160:
  161:
  162:
  163:
  164:	  0067	12 00 76	COMMAND:	LCALL READY
  165:	  006A	C2 92				CLR P1.2
  166:	  006C	C2 91				CLR P1.1
  167:	  006E	F5 A0				MOV P2,A
  168:	  0070	D2 93				SETB P1.3
  169:	  0072	00				NOP
  170:	  0073	C2 93				CLR P1.3
  171:	  0075	22				RET
  172:
  173:
  174:	  0076	D2 A7		READY: 		SETB P2.7
  175:	  0078	C2 91				CLR P1.1
  176:	  007A	D2 92				SETB P1.2
  177:	  007C	C2 93		BUSY:		CLR P1.3
  178:	  007E	D2 93				SETB P1.3
  179:	  0080	20 A7 F9			JB P2.7,BUSY
  180:	  0083	00				NOP
  181:	  0084	C2 93				CLR P1.3
  182:	  0086	22				RET
  183:
  184:
  185:	  0087	12 00 76	DISPLAY:	LCALL READY
  186:	  008A	C2 92				CLR P1.2
  187:	  008C	D2 91				SETB P1.1
  188:	  008E	F5 A0				MOV P2,A
  189:	  0090	D2 93				SETB P1.3
  190:	  0092	00				NOP
  191:	  0093	C2 93				CLR P1.3
  192:	  0095	22				RET
  193:
  194:	  0096	C2 91		READ:		CLR P1.1
  195:	  0098	D2 92				SETB P1.2
  196:	  009A	75 A0 FF			MOV P2,#0FFH
  197:	  009D	C2 93				CLR P1.3
  198:	  009F	00				NOP
  199:	  00A0	D2 93				SETB P1.3
  200:	  00A2	00				NOP
  201:	  00A3	E5 A0				MOV A,P2
  202:	  00A5	54 7F				ANL A,#7FH
  203:	  00A7	C2 93				CLR P1.3
  204:	  00A9	22				RET
  205:
  206:
  207:
  208:
  209:
  210:		N      0023	ORG 0023H
  211:	  0023	02 10 00	LJMP 1000H

ASEM-51 V1.3                                         Copyright (c) 2002 by W.W. Heinz                                         PAGE 5



 Line  I  Addr  Code            Source

  212:		N      1000	ORG 1000H
  213:
  214:	  1000	00		RXDC:		NOP
  215:	  1001	30 98 58			JNB RI,EXIT
  216:	  1004	C2 98				CLR RI
  217:	  1006	E5 99				MOV A,SBUF
  218:	  1008	FD				MOV R5,A
  219:
  220:	  1009	BD 08 2B	BACKSPACE:	CJNE R5,#08H,NEXT
  221:	  100C	12 00 96			LCALL READ
  222:	  100F	B4 40 04			CJNE A,#40H,NXTC
  223:	  1012	74 10				MOV A,#10H
  224:	  1014	80 05				SJMP DCRC
  225:	  1016	B4 00 02	NXTC:		CJNE A,#00H,DCRC
  226:	  1019	74 50				MOV A,#50H
  227:	  101B	14		DCRC:		DEC A
  228:	  101C	44 80				ORL A,#80H
  229:	  101E	F5 33				MOV 33H,A
  230:	  1020	12 00 67			LCALL COMMAND
  231:	  1023	74 20				MOV A,#20H
  232:	  1025	12 00 87			LCALL DISPLAY
  233:	  1028	E5 33				MOV A,33H
  234:	  102A	12 00 67			LCALL COMMAND
  235:	  102D	19				DEC R1
  236:	  102E	E9				MOV A,R1
  237:	  102F	54 80				ANL A,#80H
  238:	  1031	60 02				JZ SKIPL
  239:	  1033	79 00				MOV R1,#00H
  240:	  1035	80 25		SKIPL:		SJMP EXIT
  241:
  242:
  243:
  244:	  1037	B9 20 07	NEXT:		CJNE R1,#20H,CONT
  245:	  103A	79 00				MOV R1,#00H
  246:	  103C	74 80				MOV A,#80H
  247:	  103E	12 00 67			LCALL COMMAND
  248:	  1041	B9 10 00	CONT:		CJNE R1,#10H,CONT2
  249:	  1044	50 02		CONT2:		JNC LINE2 			;CARRY => R1< 21H
  250:	  1046	80 08				SJMP GOON
  251:	  1048	B9 10 05	LINE2:		CJNE R1,#10H,GOON
  252:	  104B	74 C0				MOV A,#0C0H
  253:	  104D	12 00 67			LCALL COMMAND
  254:
  255:	  1050	ED		GOON:		MOV A,R5
  256:	  1051	12 00 87			LCALL DISPLAY
  257:
  258:	  1054	09				INC R1
  259:	  1055	E9				MOV A,R1
  260:	  1056	54 80				ANL A,#80H
  261:	  1058	60 02				JZ EXIT
  262:	  105A	79 00				MOV R1,#00H
  263:	  105C	32		EXIT:		RETI
  264:
  265:
  266:
  267:

ASEM-51 V1.3                                         Copyright (c) 2002 by W.W. Heinz                                         PAGE 6



 Line  I  Addr  Code            Source

  268:				END
  269:





                     register banks used:  ---

                     no errors




ASEM-51 V1.3                                         Copyright (c) 2002 by W.W. Heinz                                         PAGE 7





	       L I S T   O F   S Y M B O L S
	       =============================


SYMBOL				  TYPE     VALUE	LINE
------------------------------------------------------------
??ASEM_51			  NUMBER    8051
??VERSION			  NUMBER    0130
AC				  BIT	      D6	 101
ACC				  DATA	      E0	  46
B				  DATA	      F0	  47
BACKSPACE			  CODE	    1009	 220
BUSY				  CODE	    007C	 177
COMMAND				  CODE	    0067	 164
CONT				  CODE	    1041	 248
CONT2				  CODE	    1044	 249
CPRL2				  BIT	      C8	  88
CT2				  BIT	      C9	  89
CY				  BIT	      D7	 102
DCRC				  CODE	    101B	 227
DISPLAY				  CODE	    0087	 185
DPH				  DATA	      83	  24
DPL				  DATA	      82	  23
EA				  BIT	      AF	  73
ES				  BIT	      AC	  71
ET0				  BIT	      A9	  68
ET1				  BIT	      AB	  70
ET2				  BIT	      AD	  72
EX0				  BIT	      A8	  67
EX1				  BIT	      AA	  69
EXEN2				  BIT	      CB	  91
EXF2				  BIT	      CE	  94
EXIT				  CODE	    105C	 263
EXTI0				  CODE	    0003	 105
EXTI1				  CODE	    0013	 107
F0				  BIT	      D5	 100
GOON				  CODE	    1050	 255
HERE				  CODE	    0065	 155
IE				  DATA	      A8	  36
IE0				  BIT	      89	  50
IE1				  BIT	      8B	  52
INIT				  CODE	    003A	 131
INT0				  BIT	      B2	  76
INT1				  BIT	      B3	  77
IP				  DATA	      B8	  38
IT0				  BIT	      88	  49
IT1				  BIT	      8A	  51
LINE2				  CODE	    1048	 251
NEXT				  CODE	    1037	 244
NXTC				  CODE	    1016	 225
OV				  BIT	      D2	  97
P				  BIT	      D0	  96
P0				  DATA	      80	  21
P1				  DATA	      90	  32
P2				  DATA	      A0	  35
P3				  DATA	      B0	  37

ASEM-51 V1.3                                         Copyright (c) 2002 by W.W. Heinz                                         PAGE 8



SYMBOL				  TYPE     VALUE	LINE
------------------------------------------------------------
PCON				  DATA	      87	  25
PS				  BIT	      BC	  86
PSW				  DATA	      D0	  45
PT0				  BIT	      B9	  83
PT1				  BIT	      BB	  85
PT2				  BIT	      BD	  87
PX0				  BIT	      B8	  82
PX1				  BIT	      BA	  84
RB8				  BIT	      9A	  61
RCAP2H				  DATA	      CB	  42
RCAP2L				  DATA	      CA	  41
RCLK				  BIT	      CD	  93
RD				  BIT	      B7	  81
READ				  CODE	    0096	 194
READY				  CODE	    0076	 174
REN				  BIT	      9C	  63
RESET				  CODE	    0000	 104
RI				  BIT	      98	  59
RS0				  BIT	      D3	  98
RS1				  BIT	      D4	  99
RXD				  BIT	      B0	  74
RXDC				  CODE	    1000	 214
SBUF				  DATA	      99	  34
SCON				  DATA	      98	  33
SINT				  CODE	    0023	 109
SKIPL				  CODE	    1035	 240
SM0				  BIT	      9F	  66
SM1				  BIT	      9E	  65
SM2				  BIT	      9D	  64
SP				  DATA	      81	  22
START				  CODE	    0030	 123
STARTS				  CODE	    004E	 142
T0				  BIT	      B4	  78
T1				  BIT	      B5	  79
T2				  BIT	      90	  57
T2CON				  DATA	      C8	  39
T2EX				  BIT	      91	  58
T2MOD				  DATA	      C9	  40
TB8				  BIT	      9B	  62
TCLK				  BIT	      CC	  92
TCON				  DATA	      88	  26
TF0				  BIT	      8D	  54
TF1				  BIT	      8F	  56
TF2				  BIT	      CF	  95
TH0				  DATA	      8C	  30
TH1				  DATA	      8D	  31
TH2				  DATA	      CD	  44
TI				  BIT	      99	  60
TIMER0				  CODE	    000B	 106
TIMER1				  CODE	    001B	 108
TIMER2				  CODE	    002B	 110
TL0				  DATA	      8A	  28
TL1				  DATA	      8B	  29
TL2				  DATA	      CC	  43
TMOD				  DATA	      89	  27
TR0				  BIT	      8C	  53

ASEM-51 V1.3                                         Copyright (c) 2002 by W.W. Heinz                                         PAGE 9



SYMBOL				  TYPE     VALUE	LINE
------------------------------------------------------------
TR1				  BIT	      8E	  55
TR2				  BIT	      CA	  90
TXD				  BIT	      B1	  75
WR				  BIT	      B6	  80
