
ASEM-51 V1.3                                         Copyright (c) 2002 by W.W. Heinz                                         PAGE 1





       MCS-51 Family Macro Assembler   A S E M - 5 1   V 1.3
       =====================================================



	Source File:	CRAWL.ASM
	Object File:	CRAWL.hex
	List File:	CRAWL.lst



 Line  I  Addr  Code            Source

    1:		N      0000	ORG 0000H 				; P1.1-RS
    2:	  0000	80 2E		SJMP 0030H				; P1.2-R/W
    3:		N      0030	ORG 0030H 				; P1.3-EN
    4:									; PORT2 FOR DATA OUT
    5:
    6:
    7:
    8:	  0030	E4		START:	CLR A
    9:	  0031	F5 90			MOV P1,A
   10:	  0033	F5 A0			MOV P2,A
   11:	  0035	F5 B0			MOV P3,A
   12:
   13:
   14:
   15:	  0037	74 38		INIT:	MOV A,#38H
   16:	  0039	12 00 73		LCALL COMMAND
   17:	  003C	74 0C			MOV A,#0CH
   18:	  003E	12 00 73		LCALL COMMAND
   19:	  0041	74 06			MOV A,#06H
   20:	  0043	12 00 73		LCALL COMMAND
   21:	  0046	74 01			MOV A,#01H
   22:	  0048	12 00 73		LCALL COMMAND
   23:
   24:
   25:	  004B	12 00 AF	RWRITE:	LCALL CLEAR
   26:	  004E	E4			CLR A
   27:	  004F	F9			MOV R1,A
   28:	  0050	78 CF			MOV R0,#0CFH
   29:	  0052	FA			MOV R2,A
   30:
   31:	  0053	90 0F 80	CYCLE:	MOV DPTR,#0F80H
   32:	  0056	E8			MOV A,R0
   33:	  0057	12 00 73		LCALL COMMAND
   34:	  005A	0A			INC R2
   35:	  005B	79 00			MOV R1,#00H
   36:	  005D	18			DEC R0
   37:	  005E	E4		LOOP:	CLR A
   38:	  005F	93			MOVC A,@A+DPTR
   39:	  0060	12 00 93		LCALL DISPLAY
   40:	  0063	A3			INC DPTR
   41:	  0064	09			INC R1
   42:	  0065	E9			MOV A,R1
   43:	  0066	B5 02 F5		CJNE A,02H,LOOP

ASEM-51 V1.3                                         Copyright (c) 2002 by W.W. Heinz                                         PAGE 2



 Line  I  Addr  Code            Source

   44:	  0069	12 00 A2		LCALL DELAY
   45:	  006C	BA 10 E4		CJNE R2,#10H,CYCLE
   46:	  006F	80 DA			SJMP RWRITE
   47:
   48:
   49:	  0071	80 FE		HERE:	SJMP HERE
   50:
   51:
   52:
   53:
   54:	  0073	12 00 82	COMMAND:LCALL READY
   55:	  0076	C2 92			CLR P1.2
   56:	  0078	C2 91			CLR P1.1
   57:	  007A	F5 A0			MOV P2,A
   58:	  007C	D2 93			SETB P1.3
   59:	  007E	00			NOP
   60:	  007F	C2 93			CLR P1.3
   61:	  0081	22			RET
   62:
   63:
   64:	  0082	D2 A7		READY: 	SETB P2.7
   65:	  0084	C2 91			CLR P1.1
   66:	  0086	D2 92			SETB P1.2
   67:	  0088	C2 93		BUSY:	CLR P1.3
   68:	  008A	D2 93			SETB P1.3
   69:	  008C	20 A7 F9		JB P2.7,BUSY
   70:	  008F	00			NOP
   71:	  0090	C2 93			CLR P1.3
   72:	  0092	22			RET
   73:
   74:
   75:	  0093	12 00 82	DISPLAY:LCALL READY
   76:	  0096	C2 92			CLR P1.2
   77:	  0098	D2 91			SETB P1.1
   78:	  009A	F5 A0			MOV P2,A
   79:	  009C	D2 93			SETB P1.3
   80:	  009E	00			NOP
   81:	  009F	C2 93			CLR P1.3
   82:	  00A1	22			RET
   83:
   84:
   85:	  00A2	7F 04		DELAY:  MOV R7,#04H
   86:	  00A4	7E FF		WAITC:	MOV R6,#0FFH
   87:	  00A6	7D FF		WAITB:	MOV R5,#0FFH
   88:	  00A8	DD FE		WAITA:	DJNZ R5,WAITA
   89:	  00AA	DE FA			DJNZ R6,WAITB
   90:	  00AC	DF F6			DJNZ R7,WAITC
   91:	  00AE	22			RET
   92:
   93:
   94:	  00AF	74 01		CLEAR:	MOV A,#01H
   95:	  00B1	12 00 73		LCALL COMMAND
   96:	  00B4	22			RET
   97:
   98:
   99:

ASEM-51 V1.3                                         Copyright (c) 2002 by W.W. Heinz                                         PAGE 3



 Line  I  Addr  Code            Source

  100:
  101:		N      0F80	ORG 0F80H
  102:
  103:	  0F80	43 52 41 57			DB 'CRAWLING        '
	  0F84	4C 49 4E 47
	  0F88	20 20 20 20
	  0F8C	20 20 20 20
  104:				END





                     register banks used:  ---

                     no errors




ASEM-51 V1.3                                         Copyright (c) 2002 by W.W. Heinz                                         PAGE 4





	       L I S T   O F   S Y M B O L S
	       =============================


SYMBOL				  TYPE     VALUE	LINE
------------------------------------------------------------
??ASEM_51			  NUMBER    8051
??VERSION			  NUMBER    0130
AC				  BIT	      D6
ACC				  DATA	      E0
B				  DATA	      F0
BUSY				  CODE	    0088	  67
CLEAR				  CODE	    00AF	  94
COMMAND				  CODE	    0073	  54
CY				  BIT	      D7
CYCLE				  CODE	    0053	  31
DELAY				  CODE	    00A2	  85
DISPLAY				  CODE	    0093	  75
DPH				  DATA	      83
DPL				  DATA	      82
EA				  BIT	      AF
ES				  BIT	      AC
ET0				  BIT	      A9
ET1				  BIT	      AB
EX0				  BIT	      A8
EX1				  BIT	      AA
EXTI0				  CODE	    0003
EXTI1				  CODE	    0013
F0				  BIT	      D5
HERE				  CODE	    0071	  49
IE				  DATA	      A8
IE0				  BIT	      89
IE1				  BIT	      8B
INIT				  CODE	    0037	  15
INT0				  BIT	      B2
INT1				  BIT	      B3
IP				  DATA	      B8
IT0				  BIT	      88
IT1				  BIT	      8A
LOOP				  CODE	    005E	  37
OV				  BIT	      D2
P				  BIT	      D0
P0				  DATA	      80
P1				  DATA	      90
P2				  DATA	      A0
P3				  DATA	      B0
PCON				  DATA	      87
PS				  BIT	      BC
PSW				  DATA	      D0
PT0				  BIT	      B9
PT1				  BIT	      BB
PX0				  BIT	      B8
PX1				  BIT	      BA
RB8				  BIT	      9A
RD				  BIT	      B7
READY				  CODE	    0082	  64

ASEM-51 V1.3                                         Copyright (c) 2002 by W.W. Heinz                                         PAGE 5



SYMBOL				  TYPE     VALUE	LINE
------------------------------------------------------------
REN				  BIT	      9C
RESET				  CODE	    0000
RI				  BIT	      98
RS0				  BIT	      D3
RS1				  BIT	      D4
RWRITE				  CODE	    004B	  25
RXD				  BIT	      B0
SBUF				  DATA	      99
SCON				  DATA	      98
SINT				  CODE	    0023
SM0				  BIT	      9F
SM1				  BIT	      9E
SM2				  BIT	      9D
SP				  DATA	      81
START				  CODE	    0030	   8
T0				  BIT	      B4
T1				  BIT	      B5
TB8				  BIT	      9B
TCON				  DATA	      88
TF0				  BIT	      8D
TF1				  BIT	      8F
TH0				  DATA	      8C
TH1				  DATA	      8D
TI				  BIT	      99
TIMER0				  CODE	    000B
TIMER1				  CODE	    001B
TL0				  DATA	      8A
TL1				  DATA	      8B
TMOD				  DATA	      89
TR0				  BIT	      8C
TR1				  BIT	      8E
TXD				  BIT	      B1
WAITA				  CODE	    00A8	  88
WAITB				  CODE	    00A6	  87
WAITC				  CODE	    00A4	  86
WR				  BIT	      B6
