
ASEM-51 V1.3                                         Copyright (c) 2002 by W.W. Heinz                                         PAGE 1





       MCS-51 Family Macro Assembler   A S E M - 5 1   V 1.3
       =====================================================



	Source File:	SSER.ASM
	Object File:	SSER.hex
	List File:	SSER.lst



 Line  I  Addr  Code            Source

    1:
    2:
    3:				$NOMOD51
    4:				$INCLUDE (89S52.MCU)
    5: 1			;   AT89S52 processor definition file
    6: 1			;   =================================
    7: 1
    8: 1	N	 80	P0	DATA	080H
    9: 1	N	 81	SP	DATA	081H
   10: 1	N	 82	DP0L	DATA	082H
   11: 1	N	 83	DP0H	DATA	083H
   12: 1	N	 84	DP1L	DATA	084H
   13: 1	N	 85	DP1H	DATA	085H
   14: 1	N	 87	PCON	DATA	087H
   15: 1	N	 88	TCON	DATA	088H
   16: 1	N	 89	TMOD	DATA	089H
   17: 1	N	 8A	TL0	DATA	08AH
   18: 1	N	 8B	TL1	DATA	08BH
   19: 1	N	 8C	TH0	DATA	08CH
   20: 1	N	 8D	TH1	DATA	08DH
   21: 1	N	 8E	AUXR	DATA	08EH
   22: 1	N	 90	P1	DATA	090H
   23: 1	N	 98	SCON	DATA	098H
   24: 1	N	 99	SBUF	DATA	099H
   25: 1	N	 A0	P2	DATA	0A0H
   26: 1	N	 A2	AUXR1	DATA	0A2H
   27: 1	N	 A6	WDTRST	DATA	0A6H
   28: 1	N	 A8	IE	DATA	0A8H
   29: 1	N	 B0	P3	DATA	0B0H
   30: 1	N	 B8	IP	DATA	0B8H
   31: 1	N	 C8	T2CON	DATA	0C8H
   32: 1	N	 C9	T2MOD	DATA	0C9H
   33: 1	N	 CA	RCAP2L	DATA	0CAH
   34: 1	N	 CB	RCAP2H	DATA	0CBH
   35: 1	N	 CC	TL2	DATA	0CCH
   36: 1	N	 CD	TH2	DATA	0CDH
   37: 1	N	 D0	PSW	DATA	0D0H
   38: 1	N	 E0	ACC	DATA	0E0H
   39: 1	N	 F0	B	DATA	0F0H
   40: 1
   41: 1	N	 88	IT0	BIT	088H
   42: 1	N	 89	IE0	BIT	089H
   43: 1	N	 8A	IT1	BIT	08AH

ASEM-51 V1.3                                         Copyright (c) 2002 by W.W. Heinz                                         PAGE 2



 Line  I  Addr  Code            Source

   44: 1	N	 8B	IE1	BIT	08BH
   45: 1	N	 8C	TR0	BIT	08CH
   46: 1	N	 8D	TF0	BIT	08DH
   47: 1	N	 8E	TR1	BIT	08EH
   48: 1	N	 8F	TF1	BIT	08FH
   49: 1	N	 90	T2	BIT	090H
   50: 1	N	 91	T2EX	BIT	091H
   51: 1	N	 95	MOSI	BIT	095H
   52: 1	N	 96	MISO	BIT	096H
   53: 1	N	 97	SCK	BIT	097H
   54: 1	N	 98	RI	BIT	098H
   55: 1	N	 99	TI	BIT	099H
   56: 1	N	 9A	RB8	BIT	09AH
   57: 1	N	 9B	TB8	BIT	09BH
   58: 1	N	 9C	REN	BIT	09CH
   59: 1	N	 9D	SM2	BIT	09DH
   60: 1	N	 9E	SM1	BIT	09EH
   61: 1	N	 9F	SM0	BIT	09FH
   62: 1	N	 A8	EX0	BIT	0A8H
   63: 1	N	 A9	ET0	BIT	0A9H
   64: 1	N	 AA	EX1	BIT	0AAH
   65: 1	N	 AB	ET1	BIT	0ABH
   66: 1	N	 AC	ES	BIT	0ACH
   67: 1	N	 AD	ET2	BIT	0ADH
   68: 1	N	 AF	EA	BIT	0AFH
   69: 1	N	 B0	RXD	BIT	0B0H
   70: 1	N	 B1	TXD	BIT	0B1H
   71: 1	N	 B2	INT0	BIT	0B2H
   72: 1	N	 B3	INT1	BIT	0B3H
   73: 1	N	 B4	T0	BIT	0B4H
   74: 1	N	 B5	T1	BIT	0B5H
   75: 1	N	 B6	WR	BIT	0B6H
   76: 1	N	 B7	RD	BIT	0B7H
   77: 1	N	 B8	PX0	BIT	0B8H
   78: 1	N	 B9	PT0	BIT	0B9H
   79: 1	N	 BA	PX1	BIT	0BAH
   80: 1	N	 BB	PT1	BIT	0BBH
   81: 1	N	 BC	PS	BIT	0BCH
   82: 1	N	 BD	PT2	BIT	0BDH
   83: 1	N	 C8	CPRL2	BIT	0C8H
   84: 1	N	 C9	CT2	BIT	0C9H
   85: 1	N	 CA	TR2	BIT	0CAH
   86: 1	N	 CB	EXEN2	BIT	0CBH
   87: 1	N	 CC	TCLK	BIT	0CCH
   88: 1	N	 CD	RCLK	BIT	0CDH
   89: 1	N	 CE	EXF2	BIT	0CEH
   90: 1	N	 CF	TF2	BIT	0CFH
   91: 1	N	 D0	P	BIT	0D0H
   92: 1	N	 D2	OV	BIT	0D2H
   93: 1	N	 D3	RS0	BIT	0D3H
   94: 1	N	 D4	RS1	BIT	0D4H
   95: 1	N	 D5	F0	BIT	0D5H
   96: 1	N	 D6	AC	BIT	0D6H
   97: 1	N	 D7	CY	BIT	0D7H
   98: 1
   99: 1	N      0000	RESET	CODE	000H

ASEM-51 V1.3                                         Copyright (c) 2002 by W.W. Heinz                                         PAGE 3



 Line  I  Addr  Code            Source

  100: 1	N      0003	EXTI0	CODE	003H
  101: 1	N      000B	TIMER0	CODE	00BH
  102: 1	N      0013	EXTI1	CODE	013H
  103: 1	N      001B	TIMER1	CODE	01BH
  104: 1	N      0023	SINT	CODE	023H
  105: 1	N      002B	TIMER2	CODE	02BH
  106:
  107:
  108:		N      0000	ORG 0000H
  109:
  110:	  0000	80 2E		SJMP 0030H
  111:
  112:		N      0030	ORG 0030H
  113:
  114:	  0030	75 CD 89	MOV TH2,#89H
  115:	  0033	75 CC 55	MOV TL2,#55H
  116:
  117:	  0036	75 C8 33	MOV T2CON,#33H
  118:	  0039	75 C9 40	MOV T2MOD,#40H
  119:
  120:				END





                     register banks used:  ---

                     no errors




ASEM-51 V1.3                                         Copyright (c) 2002 by W.W. Heinz                                         PAGE 4





	       L I S T   O F   S Y M B O L S
	       =============================


SYMBOL				  TYPE     VALUE	LINE
------------------------------------------------------------
??ASEM_51			  NUMBER    8051
??VERSION			  NUMBER    0130
AC				  BIT	      D6	  96
ACC				  DATA	      E0	  38
AUXR				  DATA	      8E	  21
AUXR1				  DATA	      A2	  26
B				  DATA	      F0	  39
CPRL2				  BIT	      C8	  83
CT2				  BIT	      C9	  84
CY				  BIT	      D7	  97
DP0H				  DATA	      83	  11
DP0L				  DATA	      82	  10
DP1H				  DATA	      85	  13
DP1L				  DATA	      84	  12
EA				  BIT	      AF	  68
ES				  BIT	      AC	  66
ET0				  BIT	      A9	  63
ET1				  BIT	      AB	  65
ET2				  BIT	      AD	  67
EX0				  BIT	      A8	  62
EX1				  BIT	      AA	  64
EXEN2				  BIT	      CB	  86
EXF2				  BIT	      CE	  89
EXTI0				  CODE	    0003	 100
EXTI1				  CODE	    0013	 102
F0				  BIT	      D5	  95
IE				  DATA	      A8	  28
IE0				  BIT	      89	  42
IE1				  BIT	      8B	  44
INT0				  BIT	      B2	  71
INT1				  BIT	      B3	  72
IP				  DATA	      B8	  30
IT0				  BIT	      88	  41
IT1				  BIT	      8A	  43
MISO				  BIT	      96	  52
MOSI				  BIT	      95	  51
OV				  BIT	      D2	  92
P				  BIT	      D0	  91
P0				  DATA	      80	   8
P1				  DATA	      90	  22
P2				  DATA	      A0	  25
P3				  DATA	      B0	  29
PCON				  DATA	      87	  14
PS				  BIT	      BC	  81
PSW				  DATA	      D0	  37
PT0				  BIT	      B9	  78
PT1				  BIT	      BB	  80
PT2				  BIT	      BD	  82
PX0				  BIT	      B8	  77
PX1				  BIT	      BA	  79

ASEM-51 V1.3                                         Copyright (c) 2002 by W.W. Heinz                                         PAGE 5



SYMBOL				  TYPE     VALUE	LINE
------------------------------------------------------------
RB8				  BIT	      9A	  56
RCAP2H				  DATA	      CB	  34
RCAP2L				  DATA	      CA	  33
RCLK				  BIT	      CD	  88
RD				  BIT	      B7	  76
REN				  BIT	      9C	  58
RESET				  CODE	    0000	  99
RI				  BIT	      98	  54
RS0				  BIT	      D3	  93
RS1				  BIT	      D4	  94
RXD				  BIT	      B0	  69
SBUF				  DATA	      99	  24
SCK				  BIT	      97	  53
SCON				  DATA	      98	  23
SINT				  CODE	    0023	 104
SM0				  BIT	      9F	  61
SM1				  BIT	      9E	  60
SM2				  BIT	      9D	  59
SP				  DATA	      81	   9
T0				  BIT	      B4	  73
T1				  BIT	      B5	  74
T2				  BIT	      90	  49
T2CON				  DATA	      C8	  31
T2EX				  BIT	      91	  50
T2MOD				  DATA	      C9	  32
TB8				  BIT	      9B	  57
TCLK				  BIT	      CC	  87
TCON				  DATA	      88	  15
TF0				  BIT	      8D	  46
TF1				  BIT	      8F	  48
TF2				  BIT	      CF	  90
TH0				  DATA	      8C	  19
TH1				  DATA	      8D	  20
TH2				  DATA	      CD	  36
TI				  BIT	      99	  55
TIMER0				  CODE	    000B	 101
TIMER1				  CODE	    001B	 103
TIMER2				  CODE	    002B	 105
TL0				  DATA	      8A	  17
TL1				  DATA	      8B	  18
TL2				  DATA	      CC	  35
TMOD				  DATA	      89	  16
TR0				  BIT	      8C	  45
TR1				  BIT	      8E	  47
TR2				  BIT	      CA	  85
TXD				  BIT	      B1	  70
WDTRST				  DATA	      A6	  27
WR				  BIT	      B6	  75
