
ASEM-51 V1.3                                         Copyright (c) 2002 by W.W. Heinz                                         PAGE 1





       MCS-51 Family Macro Assembler   A S E M - 5 1   V 1.3
       =====================================================



	Source File:	stepper1.asm
	Object File:	stepper1.hex
	List File:	stepper1.lst



 Line  I  Addr  Code            Source

    1:		N      0000	ORG 0000H
    2:	  0000	80 2E		SJMP 0030H
    3:		N      0030	ORG 0030H
    4:
    5:
    6:
    7:	  0030	75 A0 01	START:  MOV P2,#01H; coil A +
    8:	  0033	11 46			ACALL DELAY
    9:	  0035	75 A0 04		MOV P2,#04H; coil B +
   10:	  0038	11 46			ACALL DELAY
   11:	  003A	75 A0 02		MOV P2,#02H; coil A -
   12:	  003D	11 46			ACALL DELAY
   13:	  003F	75 A0 08		MOV P2,#08H; coil b -
   14:	  0042	11 46			ACALL DELAY
   15:	  0044	80 EA			SJMP START
   16:
   17:
   18:	  0046	7F 01		DELAY:  MOV R7,#01H
   19:	  0048	7E 3F		WAITC:	MOV R6,#3FH
   20:	  004A	7D 5F		WAITB:	MOV R5,#5FH
   21:	  004C	DD FE		WAITA:	DJNZ R5,WAITA
   22:	  004E	DE FA			DJNZ R6,WAITB
   23:	  0050	DF F6			DJNZ R7,WAITC
   24:	  0052	22			RET
   25:
   26:
   27:
   28:	  0053	00		NOP
   29:	  0054	00		NOP
   30:	  0055	00		NOP
   31:	  0056	00		NOP
   32:				END





                     register banks used:  ---

                     no errors




ASEM-51 V1.3                                         Copyright (c) 2002 by W.W. Heinz                                         PAGE 2





	       L I S T   O F   S Y M B O L S
	       =============================


SYMBOL				  TYPE     VALUE	LINE
------------------------------------------------------------
??ASEM_51			  NUMBER    8051
??VERSION			  NUMBER    0130
AC				  BIT	      D6
ACC				  DATA	      E0
B				  DATA	      F0
CY				  BIT	      D7
DELAY				  CODE	    0046	  18
DPH				  DATA	      83
DPL				  DATA	      82
EA				  BIT	      AF
ES				  BIT	      AC
ET0				  BIT	      A9
ET1				  BIT	      AB
EX0				  BIT	      A8
EX1				  BIT	      AA
EXTI0				  CODE	    0003
EXTI1				  CODE	    0013
F0				  BIT	      D5
IE				  DATA	      A8
IE0				  BIT	      89
IE1				  BIT	      8B
INT0				  BIT	      B2
INT1				  BIT	      B3
IP				  DATA	      B8
IT0				  BIT	      88
IT1				  BIT	      8A
OV				  BIT	      D2
P				  BIT	      D0
P0				  DATA	      80
P1				  DATA	      90
P2				  DATA	      A0
P3				  DATA	      B0
PCON				  DATA	      87
PS				  BIT	      BC
PSW				  DATA	      D0
PT0				  BIT	      B9
PT1				  BIT	      BB
PX0				  BIT	      B8
PX1				  BIT	      BA
RB8				  BIT	      9A
RD				  BIT	      B7
REN				  BIT	      9C
RESET				  CODE	    0000
RI				  BIT	      98
RS0				  BIT	      D3
RS1				  BIT	      D4
RXD				  BIT	      B0
SBUF				  DATA	      99
SCON				  DATA	      98
SINT				  CODE	    0023

ASEM-51 V1.3                                         Copyright (c) 2002 by W.W. Heinz                                         PAGE 3



SYMBOL				  TYPE     VALUE	LINE
------------------------------------------------------------
SM0				  BIT	      9F
SM1				  BIT	      9E
SM2				  BIT	      9D
SP				  DATA	      81
START				  CODE	    0030	   7
T0				  BIT	      B4
T1				  BIT	      B5
TB8				  BIT	      9B
TCON				  DATA	      88
TF0				  BIT	      8D
TF1				  BIT	      8F
TH0				  DATA	      8C
TH1				  DATA	      8D
TI				  BIT	      99
TIMER0				  CODE	    000B
TIMER1				  CODE	    001B
TL0				  DATA	      8A
TL1				  DATA	      8B
TMOD				  DATA	      89
TR0				  BIT	      8C
TR1				  BIT	      8E
TXD				  BIT	      B1
WAITA				  CODE	    004C	  21
WAITB				  CODE	    004A	  20
WAITC				  CODE	    0048	  19
WR				  BIT	      B6
