
ASEM-51 V1.3                                         Copyright (c) 2002 by W.W. Heinz                                         PAGE 1





       MCS-51 Family Macro Assembler   A S E M - 5 1   V 1.3
       =====================================================



	Source File:	stepper.asm
	Object File:	stepper.hex
	List File:	stepper.lst



 Line  I  Addr  Code            Source

    1:		N      0000	org 0000h
    2:	  0000	80 2E		sjmp 30h
    3:		N      0030	org 0030h
    4:	  0030	78 88		START:  mov r0,#88h
    5:	  0032	E8			mov a,r0
    6:	  0033	33			rlc a
    7:	  0034	F5 80			mov p0,a
    8:	  0036	11 3D			acall DELAY
    9:	  0038	01 30			ajmp START
   10:	  003A	00		 	nop
   11:	  003B	00			nop
   12:	  003C	00			nop
   13:
   14:	  003D	00		DELAY:  nop
   15:	  003E	7F 10			mov r7,#10h
   16:	  0040	7E FF		HOLD:	mov r6,#0ffh
   17:	  0042	DE FE		WAIT:	djnz r6,WAIT
   18:	  0044	DF FA			djnz r7,HOLD
   19:	  0046	22			ret
   20:
   21:
   22:
   23:
   24:		N      00AA	org 00aah
   25:	  00AA	76 61 69 62	text1:db 'vaibhav'
	  00AE	68 61 76
   26:				END
   27:
   28:





                     register banks used:  ---

                     no errors




ASEM-51 V1.3                                         Copyright (c) 2002 by W.W. Heinz                                         PAGE 2





	       L I S T   O F   S Y M B O L S
	       =============================


SYMBOL				  TYPE     VALUE	LINE
------------------------------------------------------------
??ASEM_51			  NUMBER    8051
??VERSION			  NUMBER    0130
AC				  BIT	      D6
ACC				  DATA	      E0
B				  DATA	      F0
CY				  BIT	      D7
DELAY				  CODE	    003D	  14
DPH				  DATA	      83
DPL				  DATA	      82
EA				  BIT	      AF
ES				  BIT	      AC
ET0				  BIT	      A9
ET1				  BIT	      AB
EX0				  BIT	      A8
EX1				  BIT	      AA
EXTI0				  CODE	    0003
EXTI1				  CODE	    0013
F0				  BIT	      D5
HOLD				  CODE	    0040	  16
IE				  DATA	      A8
IE0				  BIT	      89
IE1				  BIT	      8B
INT0				  BIT	      B2
INT1				  BIT	      B3
IP				  DATA	      B8
IT0				  BIT	      88
IT1				  BIT	      8A
OV				  BIT	      D2
P				  BIT	      D0
P0				  DATA	      80
P1				  DATA	      90
P2				  DATA	      A0
P3				  DATA	      B0
PCON				  DATA	      87
PS				  BIT	      BC
PSW				  DATA	      D0
PT0				  BIT	      B9
PT1				  BIT	      BB
PX0				  BIT	      B8
PX1				  BIT	      BA
RB8				  BIT	      9A
RD				  BIT	      B7
REN				  BIT	      9C
RESET				  CODE	    0000
RI				  BIT	      98
RS0				  BIT	      D3
RS1				  BIT	      D4
RXD				  BIT	      B0
SBUF				  DATA	      99
SCON				  DATA	      98

ASEM-51 V1.3                                         Copyright (c) 2002 by W.W. Heinz                                         PAGE 3



SYMBOL				  TYPE     VALUE	LINE
------------------------------------------------------------
SINT				  CODE	    0023
SM0				  BIT	      9F
SM1				  BIT	      9E
SM2				  BIT	      9D
SP				  DATA	      81
START				  CODE	    0030	   4
T0				  BIT	      B4
T1				  BIT	      B5
TB8				  BIT	      9B
TCON				  DATA	      88
TEXT1				  CODE	    00AA	  25
TF0				  BIT	      8D
TF1				  BIT	      8F
TH0				  DATA	      8C
TH1				  DATA	      8D
TI				  BIT	      99
TIMER0				  CODE	    000B
TIMER1				  CODE	    001B
TL0				  DATA	      8A
TL1				  DATA	      8B
TMOD				  DATA	      89
TR0				  BIT	      8C
TR1				  BIT	      8E
TXD				  BIT	      B1
WAIT				  CODE	    0042	  17
WR				  BIT	      B6
