A51 MACRO ASSEMBLER  1SERRX                                                               05/07/2009 10:24:46 PAGE     1


MACRO ASSEMBLER A51 V8.01
OBJECT MODULE PLACED IN 1serrx.OBJ
ASSEMBLER INVOKED BY: E:\Program Files\Keil\C51\BIN\A51.EXE 1serrx.ASM SET(SMALL) DEBUG EP

LOC  OBJ            LINE     SOURCE

                       1     ;SERIAL RECEIVE FROM PC STD KEYBOARD
                       2     
                       3     ;RUN SUCCESS
                       4     
                       5     ;2 LINE CONTINUOUS DISPLAY WITH BACKSPACE CORRECTION ON 16x2 LCD
                       6     
                       7     ;ASTER
                       8     ;28/07/2008
                       9     
                      10     
                      11     
                      12     ;CONNECTIONS ::::::::::::::::::::::             ;LCD- NORMAL
                      13                                                     ;RXD- P3.0
                      14                                                     ;TXD- P3.1
                      15     
                      16     $nomod51 
                      17     ;$include (AT89X52.h)
                +1    18     
                +1    19     
                +1    20     
                +1    21     
                +1    22     
                +1    23     
                +1    24     
                +1    25     
                +1    26     
                +1    27     
                +1    28     
                +1    29     
                +1    30     
                +1    31     
  0080          +1    32     sfr P0      = 0x80;
  0081          +1    33     sfr SP      = 0x81;
  0082          +1    34     sfr DPL     = 0x82;
  0083          +1    35     sfr DPH     = 0x83;
  0087          +1    36     sfr PCON    = 0x87;
  0088          +1    37     sfr TCON    = 0x88;
  0089          +1    38     sfr TMOD    = 0x89;
  008A          +1    39     sfr TL0     = 0x8A;
  008B          +1    40     sfr TL1     = 0x8B;
  008C          +1    41     sfr TH0     = 0x8C;
  008D          +1    42     sfr TH1     = 0x8D;
  0090          +1    43     sfr P1      = 0x90;
  0098          +1    44     sfr SCON    = 0x98;
  0099          +1    45     sfr SBUF    = 0x99;
  00A0          +1    46     sfr P2      = 0xA0;
  00A8          +1    47     sfr IE      = 0xA8;
  00B0          +1    48     sfr P3      = 0xB0;
  00B8          +1    49     sfr IP      = 0xB8;
  00C8          +1    50     sfr T2CON   = 0xC8;
  00C9          +1    51     sfr T2MOD   = 0xC9;
  00CA          +1    52     sfr RCAP2L  = 0xCA;
  00CB          +1    53     sfr RCAP2H  = 0xCB;
  00CC          +1    54     sfr TL2     = 0xCC;
  00CD          +1    55     sfr TH2     = 0xCD;
  00D0          +1    56     sfr PSW     = 0xD0;
  00E0          +1    57     sfr ACC     = 0xE0;
  00F0          +1    58     sfr B       = 0xF0;
A51 MACRO ASSEMBLER  1SERRX                                                               05/07/2009 10:24:46 PAGE     2

                +1    59     
                +1    60     
                +1    61     
                +1    62     
  0080          +1    63     sbit P0_0 = 0x80;
  0081          +1    64     sbit P0_1 = 0x81;
  0082          +1    65     sbit P0_2 = 0x82;
  0083          +1    66     sbit P0_3 = 0x83;
  0084          +1    67     sbit P0_4 = 0x84;
  0085          +1    68     sbit P0_5 = 0x85;
  0086          +1    69     sbit P0_6 = 0x86;
  0087          +1    70     sbit P0_7 = 0x87;
                +1    71     
                +1    72     
                +1    73     
                +1    74     
                +1    75     
                +1    76     
                +1    77     
                +1    78     
                +1    79     
                +1    80     
                +1    81     
                +1    82     
                +1    83     
                +1    84     
                +1    85     
                +1    86     
  0088          +1    87     sbit IT0  = 0x88;
  0089          +1    88     sbit IE0  = 0x89;
  008A          +1    89     sbit IT1  = 0x8A;
  008B          +1    90     sbit IE1  = 0x8B;
  008C          +1    91     sbit TR0  = 0x8C;
  008D          +1    92     sbit TF0  = 0x8D;
  008E          +1    93     sbit TR1  = 0x8E;
  008F          +1    94     sbit TF1  = 0x8F;
                +1    95     
                +1    96     
                +1    97     
                +1    98     
                +1    99     
                +1   100     
                +1   101     
                +1   102     
                +1   103     
                +1   104     
                +1   105     
                +1   106     
                +1   107     
                +1   108     
                +1   109     
                +1   110     
                +1   111     
                +1   112     
                +1   113     
  0090          +1   114     sbit P1_0 = 0x90;
  0091          +1   115     sbit P1_1 = 0x91;
  0092          +1   116     sbit P1_2 = 0x92;
  0093          +1   117     sbit P1_3 = 0x93;
  0094          +1   118     sbit P1_4 = 0x94;
  0095          +1   119     sbit P1_5 = 0x95;
  0096          +1   120     sbit P1_6 = 0x96;
  0097          +1   121     sbit P1_7 = 0x97;
                +1   122     
  0090          +1   123     sbit T2   = 0x90;       /* External input to Timer/Counter 2, clock out */
  0091          +1   124     sbit T2EX = 0x91;       /* Timer/Counter 2 capture/reload trigger & dir ctl */
A51 MACRO ASSEMBLER  1SERRX                                                               05/07/2009 10:24:46 PAGE     3

                +1   125     
                +1   126     
                +1   127     
                +1   128     
  0098          +1   129     sbit RI   = 0x98;
  0099          +1   130     sbit TI   = 0x99;
  009A          +1   131     sbit RB8  = 0x9A;
  009B          +1   132     sbit TB8  = 0x9B;
  009C          +1   133     sbit REN  = 0x9C;
  009D          +1   134     sbit SM2  = 0x9D;
  009E          +1   135     sbit SM1  = 0x9E;
  009F          +1   136     sbit SM0  = 0x9F;
                +1   137     
                +1   138     
                +1   139     
                +1   140     
  00A0          +1   141     sbit P2_0 = 0xA0;
  00A1          +1   142     sbit P2_1 = 0xA1;
  00A2          +1   143     sbit P2_2 = 0xA2;
  00A3          +1   144     sbit P2_3 = 0xA3;
  00A4          +1   145     sbit P2_4 = 0xA4;
  00A5          +1   146     sbit P2_5 = 0xA5;
  00A6          +1   147     sbit P2_6 = 0xA6;
  00A7          +1   148     sbit P2_7 = 0xA7;
                +1   149     
                +1   150     
                +1   151     
                +1   152     
  00A8          +1   153     sbit EX0  = 0xA8;       /* 1=Enable External interrupt 0 */
  00A9          +1   154     sbit ET0  = 0xA9;       /* 1=Enable Timer 0 interrupt */
  00AA          +1   155     sbit EX1  = 0xAA;       /* 1=Enable External interrupt 1 */
  00AB          +1   156     sbit ET1  = 0xAB;       /* 1=Enable Timer 1 interrupt */
  00AC          +1   157     sbit ES   = 0xAC;       /* 1=Enable Serial port interrupt */
  00AD          +1   158     sbit ET2  = 0xAD;       /* 1=Enable Timer 2 interrupt */
                +1   159     
  00AF          +1   160     sbit EA   = 0xAF;       /* 0=Disable all interrupts */
                +1   161     
                +1   162     
                +1   163     
                +1   164     
  00B0          +1   165     sbit P3_0 = 0xB0;
  00B1          +1   166     sbit P3_1 = 0xB1;
  00B2          +1   167     sbit P3_2 = 0xB2;
  00B3          +1   168     sbit P3_3 = 0xB3;
  00B4          +1   169     sbit P3_4 = 0xB4;
  00B5          +1   170     sbit P3_5 = 0xB5;
  00B6          +1   171     sbit P3_6 = 0xB6;
  00B7          +1   172     sbit P3_7 = 0xB7;
                +1   173     
  00B0          +1   174     sbit RXD  = 0xB0;       /* Serial data input */
  00B1          +1   175     sbit TXD  = 0xB1;       /* Serial data output */
  00B2          +1   176     sbit INT0 = 0xB2;       /* External interrupt 0 */
  00B3          +1   177     sbit INT1 = 0xB3;       /* External interrupt 1 */
  00B4          +1   178     sbit T0   = 0xB4;       /* Timer 0 external input */
  00B5          +1   179     sbit T1   = 0xB5;       /* Timer 1 external input */
  00B6          +1   180     sbit WR   = 0xB6;       /* External data memory write strobe */
  00B7          +1   181     sbit RD   = 0xB7;       /* External data memory read strobe */
                +1   182     
                +1   183     
                +1   184     
                +1   185     
  00B8          +1   186     sbit PX0  = 0xB8;
  00B9          +1   187     sbit PT0  = 0xB9;
  00BA          +1   188     sbit PX1  = 0xBA;
  00BB          +1   189     sbit PT1  = 0xBB;
  00BC          +1   190     sbit PS   = 0xBC;
A51 MACRO ASSEMBLER  1SERRX                                                               05/07/2009 10:24:46 PAGE     4

  00BD          +1   191     sbit PT2  = 0xBD;
                +1   192     
                +1   193     
                +1   194     
                +1   195     
  00C8          +1   196     sbit CP_RL2= 0xC8;      /* 0=Reload, 1=Capture select */
  00C9          +1   197     sbit C_T2 = 0xC9;       /* 0=Timer, 1=Counter */
  00CA          +1   198     sbit TR2  = 0xCA;       /* 0=Stop timer, 1=Start timer */
  00CB          +1   199     sbit EXEN2= 0xCB;       /* Timer 2 external enable */
  00CC          +1   200     sbit TCLK = 0xCC;       /* 0=Serial clock uses Timer 1 overflow, 1=Timer 2 */
  00CD          +1   201     sbit RCLK = 0xCD;       /* 0=Serial clock uses Timer 1 overflow, 1=Timer 2 */
  00CE          +1   202     sbit EXF2 = 0xCE;       /* Timer 2 external flag */
  00CF          +1   203     sbit TF2  = 0xCF;       /* Timer 2 overflow flag */
                +1   204     
                +1   205     
                +1   206     
                +1   207     
                +1   208     
                +1   209     
                +1   210     
                +1   211     
                +1   212     
                +1   213     
  00D0          +1   214     sbit P    = 0xD0;
  00D1          +1   215     sbit F1   = 0xD1;
  00D2          +1   216     sbit OV   = 0xD2;
  00D3          +1   217     sbit RS0  = 0xD3;
  00D4          +1   218     sbit RS1  = 0xD4;
  00D5          +1   219     sbit F0   = 0xD5;
  00D6          +1   220     sbit AC   = 0xD6;
  00D7          +1   221     sbit CY   = 0xD7;
                +1   222     
                +1   223     
                +1   224     
                +1   225     
                +1   226     
                +1   227     
                +1   228     
                +1   229     
                +1   230     
                +1   231     
                +1   232     
                +1   233     
                +1   234     
                +1   235     
                +1   236     
                +1   237     
                +1   238     
                     239     
                     240     
                     241     
                     242     
                     243     
                     244     
0000                 245     ORG 0000H
0000 802E            246     SJMP 0030H
                     247                     
                     248     
0030                 249     ORG 0030H
                     250             
                     251     
                     252     
0030 E4              253     START:          CLR A 
0031 F590            254                     MOV P1,A
0033 F5A0            255                     MOV P2,A
0035 F5B0            256                     MOV P3,A
A51 MACRO ASSEMBLER  1SERRX                                                               05/07/2009 10:24:46 PAGE     5

0037 D2B0            257                     SETB P3.0
0039 F9              258                     MOV R1,A
                     259     
                     260     
003A 7438            261     INIT:           MOV A,#38H
003C 120067          262                     LCALL COMMAND
003F 740E            263                     MOV A,#0EH
0041 120067          264                     LCALL COMMAND
0044 7406            265                     MOV A,#06H
0046 120067          266                     LCALL COMMAND
0049 7401            267                     MOV A,#01H
004B 120067          268                     LCALL COMMAND
                     269     
                     270     
                     271     
004E 759850          272     STARTS:         MOV SCON,#50H
0051 53877F          273                     ANL PCON,#7FH
                     274                     
0054 75A890          275                     MOV IE,#90H
0057 75B810          276                     MOV IP,#10H
                     277                     
005A 75C830          278                     MOV T2CON,#30H
005D 75CBFF          279                     MOV RCAP2H,#0FFH        ;9600 bps
0060 75CADC          280                     MOV RCAP2L,#0DCH
                     281                     
0063 D2CA            282                     SETB TR2
                     283                     
                     284                     
0065 80FE            285     HERE:           SJMP HERE
                     286     
                     287     
                     288     
                     289     
                     290     
                     291     
                     292     
                     293     
0067 120076          294     COMMAND:        LCALL READY
006A C292            295                     CLR P1.2
006C C291            296                     CLR P1.1
006E F5A0            297                     MOV P2,A
0070 D293            298                     SETB P1.3
0072 00              299                     NOP
0073 C293            300                     CLR P1.3
0075 22              301                     RET
                     302     
                     303     
0076 D2A7            304     READY:          SETB P2.7
0078 C291            305                     CLR P1.1
007A D292            306                     SETB P1.2
007C C293            307     BUSY:           CLR P1.3
007E D293            308                     SETB P1.3
0080 20A7F9          309                     JB P2.7,BUSY
0083 00              310                     NOP 
0084 C293            311                     CLR P1.3
0086 22              312                     RET
                     313     
                     314     
0087 120076          315     DISPLAY:        LCALL READY
008A C292            316                     CLR P1.2
008C D291            317                     SETB P1.1
008E F5A0            318                     MOV P2,A
0090 D293            319                     SETB P1.3
0092 00              320                     NOP
0093 C293            321                     CLR P1.3
0095 22              322                     RET
A51 MACRO ASSEMBLER  1SERRX                                                               05/07/2009 10:24:46 PAGE     6

                     323     
0096 C291            324     READ:           CLR P1.1
0098 D292            325                     SETB P1.2
009A 75A0FF          326                     MOV P2,#0FFH
009D C293            327                     CLR P1.3
009F 00              328                     NOP
00A0 D293            329                     SETB P1.3
00A2 00              330                     NOP
00A3 E5A0            331                     MOV A,P2
00A5 547F            332                     ANL A,#7FH
00A7 C293            333                     CLR P1.3
00A9 22              334                     RET
                     335     
                     336     
                     337     
                     338     
                     339     
0023                 340     ORG 0023H
0023 021000          341     LJMP 1000H
1000                 342     ORG 1000H
                     343     
1000 00              344     RXDC:           NOP
1001 30983E          345                     JNB RI,EXIT
1004 C298            346                     CLR RI
1006 E599            347                     MOV A,SBUF
1008 FD              348                     MOV R5,A
                     349     
1009 BD0818          350     BACKSPACE:      CJNE R5,#08H,NEXT
100C 120096          351                     LCALL READ
100F 14              352                     DEC A
1010 4480            353                     ORL A,#80H
1012 F533            354                     MOV 33H,A
1014 120067          355                     LCALL COMMAND
1017 7420            356                     MOV A,#20H
1019 120087          357                     LCALL DISPLAY
101C E533            358                     MOV A,33H
101E 120067          359                     LCALL COMMAND
1021 19              360                     DEC R1
1022 801E            361                     SJMP EXIT
                     362                     
                     363                     
                     364     
1024 B92007          365     NEXT:           CJNE R1,#20H,CONT
1027 7900            366                     MOV R1,#00H
1029 7480            367                     MOV A,#80H
102B 120067          368                     LCALL COMMAND
102E B91000          369     CONT:           CJNE R1,#10H,CONT2
1031 5002            370     CONT2:          JNC LINE2                       ;CARRY => R1< 21H       
1033 8008            371                     SJMP GOON
1035 B91005          372     LINE2:          CJNE R1,#10H,GOON
1038 74C0            373                     MOV A,#0C0H
103A 120067          374                     LCALL COMMAND                           
                     375                     
103D ED              376     GOON:           MOV A,R5        
103E 120087          377                     LCALL DISPLAY
                     378                     
1041 09              379                     INC R1
1042 32              380     EXIT:           RETI
                     381     
                     382     
                     383     
                     384     
                     385     END
                             
A51 MACRO ASSEMBLER  1SERRX                                                               05/07/2009 10:24:46 PAGE     7

SYMBOL TABLE LISTING
------ ----- -------


N A M E             T Y P E  V A L U E   ATTRIBUTES

AC . . . . . . . .  B ADDR   00D0H.6 A   
ACC. . . . . . . .  D ADDR   00E0H   A   
B. . . . . . . . .  D ADDR   00F0H   A   
BACKSPACE. . . . .  C ADDR   1009H   A   
BUSY . . . . . . .  C ADDR   007CH   A   
COMMAND. . . . . .  C ADDR   0067H   A   
CONT . . . . . . .  C ADDR   102EH   A   
CONT2. . . . . . .  C ADDR   1031H   A   
CP_RL2 . . . . . .  B ADDR   00C8H.0 A   
CY . . . . . . . .  B ADDR   00D0H.7 A   
C_T2 . . . . . . .  B ADDR   00C8H.1 A   
DISPLAY. . . . . .  C ADDR   0087H   A   
DPH. . . . . . . .  D ADDR   0083H   A   
DPL. . . . . . . .  D ADDR   0082H   A   
EA . . . . . . . .  B ADDR   00A8H.7 A   
ES . . . . . . . .  B ADDR   00A8H.4 A   
ET0. . . . . . . .  B ADDR   00A8H.1 A   
ET1. . . . . . . .  B ADDR   00A8H.3 A   
ET2. . . . . . . .  B ADDR   00A8H.5 A   
EX0. . . . . . . .  B ADDR   00A8H.0 A   
EX1. . . . . . . .  B ADDR   00A8H.2 A   
EXEN2. . . . . . .  B ADDR   00C8H.3 A   
EXF2 . . . . . . .  B ADDR   00C8H.6 A   
EXIT . . . . . . .  C ADDR   1042H   A   
F0 . . . . . . . .  B ADDR   00D0H.5 A   
F1 . . . . . . . .  B ADDR   00D0H.1 A   
GOON . . . . . . .  C ADDR   103DH   A   
HERE . . . . . . .  C ADDR   0065H   A   
IE . . . . . . . .  D ADDR   00A8H   A   
IE0. . . . . . . .  B ADDR   0088H.1 A   
IE1. . . . . . . .  B ADDR   0088H.3 A   
INIT . . . . . . .  C ADDR   003AH   A   
INT0 . . . . . . .  B ADDR   00B0H.2 A   
INT1 . . . . . . .  B ADDR   00B0H.3 A   
IP . . . . . . . .  D ADDR   00B8H   A   
IT0. . . . . . . .  B ADDR   0088H.0 A   
IT1. . . . . . . .  B ADDR   0088H.2 A   
LINE2. . . . . . .  C ADDR   1035H   A   
NEXT . . . . . . .  C ADDR   1024H   A   
OV . . . . . . . .  B ADDR   00D0H.2 A   
P. . . . . . . . .  B ADDR   00D0H.0 A   
P0 . . . . . . . .  D ADDR   0080H   A   
P0_0 . . . . . . .  B ADDR   0080H.0 A   
P0_1 . . . . . . .  B ADDR   0080H.1 A   
P0_2 . . . . . . .  B ADDR   0080H.2 A   
P0_3 . . . . . . .  B ADDR   0080H.3 A   
P0_4 . . . . . . .  B ADDR   0080H.4 A   
P0_5 . . . . . . .  B ADDR   0080H.5 A   
P0_6 . . . . . . .  B ADDR   0080H.6 A   
P0_7 . . . . . . .  B ADDR   0080H.7 A   
P1 . . . . . . . .  D ADDR   0090H   A   
P1_0 . . . . . . .  B ADDR   0090H.0 A   
P1_1 . . . . . . .  B ADDR   0090H.1 A   
P1_2 . . . . . . .  B ADDR   0090H.2 A   
P1_3 . . . . . . .  B ADDR   0090H.3 A   
P1_4 . . . . . . .  B ADDR   0090H.4 A   
P1_5 . . . . . . .  B ADDR   0090H.5 A   
P1_6 . . . . . . .  B ADDR   0090H.6 A   
P1_7 . . . . . . .  B ADDR   0090H.7 A   
P2 . . . . . . . .  D ADDR   00A0H   A   
A51 MACRO ASSEMBLER  1SERRX                                                               05/07/2009 10:24:46 PAGE     8

P2_0 . . . . . . .  B ADDR   00A0H.0 A   
P2_1 . . . . . . .  B ADDR   00A0H.1 A   
P2_2 . . . . . . .  B ADDR   00A0H.2 A   
P2_3 . . . . . . .  B ADDR   00A0H.3 A   
P2_4 . . . . . . .  B ADDR   00A0H.4 A   
P2_5 . . . . . . .  B ADDR   00A0H.5 A   
P2_6 . . . . . . .  B ADDR   00A0H.6 A   
P2_7 . . . . . . .  B ADDR   00A0H.7 A   
P3 . . . . . . . .  D ADDR   00B0H   A   
P3_0 . . . . . . .  B ADDR   00B0H.0 A   
P3_1 . . . . . . .  B ADDR   00B0H.1 A   
P3_2 . . . . . . .  B ADDR   00B0H.2 A   
P3_3 . . . . . . .  B ADDR   00B0H.3 A   
P3_4 . . . . . . .  B ADDR   00B0H.4 A   
P3_5 . . . . . . .  B ADDR   00B0H.5 A   
P3_6 . . . . . . .  B ADDR   00B0H.6 A   
P3_7 . . . . . . .  B ADDR   00B0H.7 A   
PCON . . . . . . .  D ADDR   0087H   A   
PS . . . . . . . .  B ADDR   00B8H.4 A   
PSW. . . . . . . .  D ADDR   00D0H   A   
PT0. . . . . . . .  B ADDR   00B8H.1 A   
PT1. . . . . . . .  B ADDR   00B8H.3 A   
PT2. . . . . . . .  B ADDR   00B8H.5 A   
PX0. . . . . . . .  B ADDR   00B8H.0 A   
PX1. . . . . . . .  B ADDR   00B8H.2 A   
RB8. . . . . . . .  B ADDR   0098H.2 A   
RCAP2H . . . . . .  D ADDR   00CBH   A   
RCAP2L . . . . . .  D ADDR   00CAH   A   
RCLK . . . . . . .  B ADDR   00C8H.5 A   
RD . . . . . . . .  B ADDR   00B0H.7 A   
READ . . . . . . .  C ADDR   0096H   A   
READY. . . . . . .  C ADDR   0076H   A   
REN. . . . . . . .  B ADDR   0098H.4 A   
RI . . . . . . . .  B ADDR   0098H.0 A   
RS0. . . . . . . .  B ADDR   00D0H.3 A   
RS1. . . . . . . .  B ADDR   00D0H.4 A   
RXD. . . . . . . .  B ADDR   00B0H.0 A   
RXDC . . . . . . .  C ADDR   1000H   A   
SBUF . . . . . . .  D ADDR   0099H   A   
SCON . . . . . . .  D ADDR   0098H   A   
SM0. . . . . . . .  B ADDR   0098H.7 A   
SM1. . . . . . . .  B ADDR   0098H.6 A   
SM2. . . . . . . .  B ADDR   0098H.5 A   
SP . . . . . . . .  D ADDR   0081H   A   
START. . . . . . .  C ADDR   0030H   A   
STARTS . . . . . .  C ADDR   004EH   A   
T0 . . . . . . . .  B ADDR   00B0H.4 A   
T1 . . . . . . . .  B ADDR   00B0H.5 A   
T2 . . . . . . . .  B ADDR   0090H.0 A   
T2CON. . . . . . .  D ADDR   00C8H   A   
T2EX . . . . . . .  B ADDR   0090H.1 A   
T2MOD. . . . . . .  D ADDR   00C9H   A   
TB8. . . . . . . .  B ADDR   0098H.3 A   
TCLK . . . . . . .  B ADDR   00C8H.4 A   
TCON . . . . . . .  D ADDR   0088H   A   
TF0. . . . . . . .  B ADDR   0088H.5 A   
TF1. . . . . . . .  B ADDR   0088H.7 A   
TF2. . . . . . . .  B ADDR   00C8H.7 A   
TH0. . . . . . . .  D ADDR   008CH   A   
TH1. . . . . . . .  D ADDR   008DH   A   
TH2. . . . . . . .  D ADDR   00CDH   A   
TI . . . . . . . .  B ADDR   0098H.1 A   
TL0. . . . . . . .  D ADDR   008AH   A   
TL1. . . . . . . .  D ADDR   008BH   A   
TL2. . . . . . . .  D ADDR   00CCH   A   
TMOD . . . . . . .  D ADDR   0089H   A   
A51 MACRO ASSEMBLER  1SERRX                                                               05/07/2009 10:24:46 PAGE     9

TR0. . . . . . . .  B ADDR   0088H.4 A   
TR1. . . . . . . .  B ADDR   0088H.6 A   
TR2. . . . . . . .  B ADDR   00C8H.2 A   
TXD. . . . . . . .  B ADDR   00B0H.1 A   
WR . . . . . . . .  B ADDR   00B0H.6 A   


REGISTER BANK(S) USED: 0 


ASSEMBLY COMPLETE.  0 WARNING(S), 0 ERROR(S)
