A51 MACRO ASSEMBLER  HEXTODEC16                                                           04/16/2009 16:50:59 PAGE     1


MACRO ASSEMBLER A51 V8.01
OBJECT MODULE PLACED IN hextodec16.OBJ
ASSEMBLER INVOKED BY: E:\Program Files\Keil\C51\BIN\A51.EXE hextodec16.asm NOMOD51 SET(SMALL) DEBUG EP

LOC  OBJ            LINE     SOURCE

                       1     ;ASTER 01/03/2009 1545
                       2     ;TO BE ASSEMBLED USING KEIL MICROVISION V3.60
                       3     ;ARTIFICIAL INTELLIGENCE
                       4     ;MICROCOMPUTER A
                       5     
                       6     ;16-BIT HEXADECIMAL TO ASCII CONVERTER 
                       7     
                       8     ;------------------------------------------------------------------------------------------
                             -----------------
                       9     ;SET THE ASSEMBLER FOR AT89S52
                      10     $nomod51 
                      11     ;$include (AT89X52.h)
                +1    12     
                +1    13     
                +1    14     
                +1    15     
                +1    16     
                +1    17     
                +1    18     
                +1    19     
                +1    20     
                +1    21     
                +1    22     
                +1    23     
                +1    24     
                +1    25     
  0080          +1    26     sfr P0      = 0x80;
  0081          +1    27     sfr SP      = 0x81;
  0082          +1    28     sfr DPL     = 0x82;
  0083          +1    29     sfr DPH     = 0x83;
  0087          +1    30     sfr PCON    = 0x87;
  0088          +1    31     sfr TCON    = 0x88;
  0089          +1    32     sfr TMOD    = 0x89;
  008A          +1    33     sfr TL0     = 0x8A;
  008B          +1    34     sfr TL1     = 0x8B;
  008C          +1    35     sfr TH0     = 0x8C;
  008D          +1    36     sfr TH1     = 0x8D;
  0090          +1    37     sfr P1      = 0x90;
  0098          +1    38     sfr SCON    = 0x98;
  0099          +1    39     sfr SBUF    = 0x99;
  00A0          +1    40     sfr P2      = 0xA0;
  00A8          +1    41     sfr IE      = 0xA8;
  00B0          +1    42     sfr P3      = 0xB0;
  00B8          +1    43     sfr IP      = 0xB8;
  00C8          +1    44     sfr T2CON   = 0xC8;
  00C9          +1    45     sfr T2MOD   = 0xC9;
  00CA          +1    46     sfr RCAP2L  = 0xCA;
  00CB          +1    47     sfr RCAP2H  = 0xCB;
  00CC          +1    48     sfr TL2     = 0xCC;
  00CD          +1    49     sfr TH2     = 0xCD;
  00D0          +1    50     sfr PSW     = 0xD0;
  00E0          +1    51     sfr ACC     = 0xE0;
  00F0          +1    52     sfr B       = 0xF0;
                +1    53     
                +1    54     
                +1    55     
                +1    56     
  0080          +1    57     sbit P0_0 = 0x80;
A51 MACRO ASSEMBLER  HEXTODEC16                                                           04/16/2009 16:50:59 PAGE     2

  0081          +1    58     sbit P0_1 = 0x81;
  0082          +1    59     sbit P0_2 = 0x82;
  0083          +1    60     sbit P0_3 = 0x83;
  0084          +1    61     sbit P0_4 = 0x84;
  0085          +1    62     sbit P0_5 = 0x85;
  0086          +1    63     sbit P0_6 = 0x86;
  0087          +1    64     sbit P0_7 = 0x87;
                +1    65     
                +1    66     
                +1    67     
                +1    68     
                +1    69     
                +1    70     
                +1    71     
                +1    72     
                +1    73     
                +1    74     
                +1    75     
                +1    76     
                +1    77     
                +1    78     
                +1    79     
                +1    80     
  0088          +1    81     sbit IT0  = 0x88;
  0089          +1    82     sbit IE0  = 0x89;
  008A          +1    83     sbit IT1  = 0x8A;
  008B          +1    84     sbit IE1  = 0x8B;
  008C          +1    85     sbit TR0  = 0x8C;
  008D          +1    86     sbit TF0  = 0x8D;
  008E          +1    87     sbit TR1  = 0x8E;
  008F          +1    88     sbit TF1  = 0x8F;
                +1    89     
                +1    90     
                +1    91     
                +1    92     
                +1    93     
                +1    94     
                +1    95     
                +1    96     
                +1    97     
                +1    98     
                +1    99     
                +1   100     
                +1   101     
                +1   102     
                +1   103     
                +1   104     
                +1   105     
                +1   106     
                +1   107     
  0090          +1   108     sbit P1_0 = 0x90;
  0091          +1   109     sbit P1_1 = 0x91;
  0092          +1   110     sbit P1_2 = 0x92;
  0093          +1   111     sbit P1_3 = 0x93;
  0094          +1   112     sbit P1_4 = 0x94;
  0095          +1   113     sbit P1_5 = 0x95;
  0096          +1   114     sbit P1_6 = 0x96;
  0097          +1   115     sbit P1_7 = 0x97;
                +1   116     
  0090          +1   117     sbit T2   = 0x90;       /* External input to Timer/Counter 2, clock out */
  0091          +1   118     sbit T2EX = 0x91;       /* Timer/Counter 2 capture/reload trigger & dir ctl */
                +1   119     
                +1   120     
                +1   121     
                +1   122     
  0098          +1   123     sbit RI   = 0x98;
A51 MACRO ASSEMBLER  HEXTODEC16                                                           04/16/2009 16:50:59 PAGE     3

  0099          +1   124     sbit TI   = 0x99;
  009A          +1   125     sbit RB8  = 0x9A;
  009B          +1   126     sbit TB8  = 0x9B;
  009C          +1   127     sbit REN  = 0x9C;
  009D          +1   128     sbit SM2  = 0x9D;
  009E          +1   129     sbit SM1  = 0x9E;
  009F          +1   130     sbit SM0  = 0x9F;
                +1   131     
                +1   132     
                +1   133     
                +1   134     
  00A0          +1   135     sbit P2_0 = 0xA0;
  00A1          +1   136     sbit P2_1 = 0xA1;
  00A2          +1   137     sbit P2_2 = 0xA2;
  00A3          +1   138     sbit P2_3 = 0xA3;
  00A4          +1   139     sbit P2_4 = 0xA4;
  00A5          +1   140     sbit P2_5 = 0xA5;
  00A6          +1   141     sbit P2_6 = 0xA6;
  00A7          +1   142     sbit P2_7 = 0xA7;
                +1   143     
                +1   144     
                +1   145     
                +1   146     
  00A8          +1   147     sbit EX0  = 0xA8;       /* 1=Enable External interrupt 0 */
  00A9          +1   148     sbit ET0  = 0xA9;       /* 1=Enable Timer 0 interrupt */
  00AA          +1   149     sbit EX1  = 0xAA;       /* 1=Enable External interrupt 1 */
  00AB          +1   150     sbit ET1  = 0xAB;       /* 1=Enable Timer 1 interrupt */
  00AC          +1   151     sbit ES   = 0xAC;       /* 1=Enable Serial port interrupt */
  00AD          +1   152     sbit ET2  = 0xAD;       /* 1=Enable Timer 2 interrupt */
                +1   153     
  00AF          +1   154     sbit EA   = 0xAF;       /* 0=Disable all interrupts */
                +1   155     
                +1   156     
                +1   157     
                +1   158     
  00B0          +1   159     sbit P3_0 = 0xB0;
  00B1          +1   160     sbit P3_1 = 0xB1;
  00B2          +1   161     sbit P3_2 = 0xB2;
  00B3          +1   162     sbit P3_3 = 0xB3;
  00B4          +1   163     sbit P3_4 = 0xB4;
  00B5          +1   164     sbit P3_5 = 0xB5;
  00B6          +1   165     sbit P3_6 = 0xB6;
  00B7          +1   166     sbit P3_7 = 0xB7;
                +1   167     
  00B0          +1   168     sbit RXD  = 0xB0;       /* Serial data input */
  00B1          +1   169     sbit TXD  = 0xB1;       /* Serial data output */
  00B2          +1   170     sbit INT0 = 0xB2;       /* External interrupt 0 */
  00B3          +1   171     sbit INT1 = 0xB3;       /* External interrupt 1 */
  00B4          +1   172     sbit T0   = 0xB4;       /* Timer 0 external input */
  00B5          +1   173     sbit T1   = 0xB5;       /* Timer 1 external input */
  00B6          +1   174     sbit WR   = 0xB6;       /* External data memory write strobe */
  00B7          +1   175     sbit RD   = 0xB7;       /* External data memory read strobe */
                +1   176     
                +1   177     
                +1   178     
                +1   179     
  00B8          +1   180     sbit PX0  = 0xB8;
  00B9          +1   181     sbit PT0  = 0xB9;
  00BA          +1   182     sbit PX1  = 0xBA;
  00BB          +1   183     sbit PT1  = 0xBB;
  00BC          +1   184     sbit PS   = 0xBC;
  00BD          +1   185     sbit PT2  = 0xBD;
                +1   186     
                +1   187     
                +1   188     
                +1   189     
A51 MACRO ASSEMBLER  HEXTODEC16                                                           04/16/2009 16:50:59 PAGE     4

  00C8          +1   190     sbit CP_RL2= 0xC8;      /* 0=Reload, 1=Capture select */
  00C9          +1   191     sbit C_T2 = 0xC9;       /* 0=Timer, 1=Counter */
  00CA          +1   192     sbit TR2  = 0xCA;       /* 0=Stop timer, 1=Start timer */
  00CB          +1   193     sbit EXEN2= 0xCB;       /* Timer 2 external enable */
  00CC          +1   194     sbit TCLK = 0xCC;       /* 0=Serial clock uses Timer 1 overflow, 1=Timer 2 */
  00CD          +1   195     sbit RCLK = 0xCD;       /* 0=Serial clock uses Timer 1 overflow, 1=Timer 2 */
  00CE          +1   196     sbit EXF2 = 0xCE;       /* Timer 2 external flag */
  00CF          +1   197     sbit TF2  = 0xCF;       /* Timer 2 overflow flag */
                +1   198     
                +1   199     
                +1   200     
                +1   201     
                +1   202     
                +1   203     
                +1   204     
                +1   205     
                +1   206     
                +1   207     
  00D0          +1   208     sbit P    = 0xD0;
  00D1          +1   209     sbit F1   = 0xD1;
  00D2          +1   210     sbit OV   = 0xD2;
  00D3          +1   211     sbit RS0  = 0xD3;
  00D4          +1   212     sbit RS1  = 0xD4;
  00D5          +1   213     sbit F0   = 0xD5;
  00D6          +1   214     sbit AC   = 0xD6;
  00D7          +1   215     sbit CY   = 0xD7;
                +1   216     
                +1   217     
                +1   218     
                +1   219     
                +1   220     
                +1   221     
                +1   222     
                +1   223     
                +1   224     
                +1   225     
                +1   226     
                +1   227     
                +1   228     
                +1   229     
                +1   230     
                +1   231     
                +1   232     
                     233     
                     234     
                     235     ;DEFINITIONS
                     236     
                     237     ;SBIT WR=P3^6                                                   ;ALREADY DEFINED IN THE HEA
                             DER, SO MAKE FREE USE OF IT
                     238     ;SBIT RD=P3^7
  00B2               239     SBIT INTR=P3^2
  0087               240     SBIT RS=P0^7
  0086               241     SBIT RW=P0^6
  0085               242     SBIT EN=P0^5
  0084               243     SBIT SWA=P0^4
  0083               244     SBIT SWB=P0^3
  0082               245     SBIT SWC=P0^2
  0081               246     SBIT SWD=P0^1
                     247     ;------------------------------------------------------------------------------------------
                             -----------------
                     248     
0000                 249     ORG 0000H
                     250     
0000 802E            251     RESET:          SJMP 0030H 
                     252     
0030                 253     ORG 0030H
A51 MACRO ASSEMBLER  HEXTODEC16                                                           04/16/2009 16:50:59 PAGE     5

                     254     
0030 00              255     START:          NOP
0031 758110          256                             MOV SP,#10H                                     ;RELOCATE STACK OVE
                             R 10H
                     257     
                     258     ;------------------------------------------------------------------------------------------
                             --------
                     259     ;******************************************************************************************
                             ********
                     260     ;PROGRAM MAIN
                     261     ;MAIN BEGINS HERE
0034 74FF            262     MAIN:           MOV A,#0FFH
0036 75F0FF          263                             MOV B,#0FFH
0039 12003E          264                             LCALL XTOD16
003C 80FE            265     HERE:           SJMP HERE
                     266     
                     267     
                     268     ;PROGRAM MAIN ENDS HERE
                     269     ;******************************************************************************************
                     270     
                     271     ;------------------------------------------------------------------------------------------
                     272     ;16 BIT HEX TO ASCII CONVERTER 
                     273     ;INPUT- [B-A]   OUTPUT- [65H,66H,67H,68H,69H]
003E 756530          274     XTOD16:         MOV 65H,#30H
0041 756630          275                             MOV 66H,#30H
0044 756730          276                             MOV 67H,#30H
0047 756830          277                             MOV 68H,#30H
004A 756930          278                             MOV 69H,#30H
004D C3              279                             CLR C
004E F56C            280                             MOV 6CH,A
0050 85F06D          281                             MOV 6DH,B
0053 E56C            282     R10K:           MOV A,6CH
0055 9410            283                             SUBB A,#10H
0057 F56C            284                             MOV 6CH,A
0059 E56D            285                             MOV A,6DH
005B 9427            286                             SUBB A,#27H
005D F56D            287                             MOV 6DH,A
005F 0569            288                             INC 69H
0061 50F0            289                             JNC R10K
0063 1569            290                             DEC 69H
0065 C3              291                             CLR C
0066 E56C            292                             MOV A,6CH
0068 2410            293                             ADD A,#10H
006A F56C            294                             MOV 6CH,A
006C E56D            295                             MOV A,6DH
006E 3427            296                             ADDC A,#27H
0070 F56D            297                             MOV 6DH,A
0072 C3              298                             CLR C
0073 E56C            299     R1K:            MOV A,6CH
0075 94E8            300                             SUBB A,#0E8H
0077 F56C            301                             MOV 6CH,A
0079 E56D            302                             MOV A,6DH
007B 9403            303                             SUBB A,#03H
007D F56D            304                             MOV 6DH,A
007F 0568            305                             INC 68H
0081 50F0            306                             JNC R1K
0083 1568            307                             DEC 68H
0085 C3              308                             CLR C
0086 E56C            309                             MOV A,6CH
0088 24E8            310                             ADD A,#0E8H
008A F56C            311                             MOV 6CH,A
008C E56D            312                             MOV A,6DH
008E 3403            313                             ADDC A,#03H
0090 F56D            314                             MOV 6DH,A
0092 C3              315                             CLR C
0093 E56C            316     HUND:           MOV A,6CH
A51 MACRO ASSEMBLER  HEXTODEC16                                                           04/16/2009 16:50:59 PAGE     6

0095 9464            317                             SUBB A,#64H
0097 F56C            318                             MOV 6CH,A
0099 E56D            319                             MOV A,6DH
009B 9400            320                             SUBB A,#00H
009D F56D            321                             MOV 6DH,A
009F 0567            322                             INC 67H
00A1 50F0            323                             JNC HUND
00A3 1567            324                             DEC 67H
00A5 C3              325                             CLR C
00A6 E56C            326                             MOV A,6CH
00A8 2464            327                             ADD A,#64H
00AA F56C            328                             MOV 6CH,A
00AC C3              329                             CLR C
00AD E56C            330     TENS:           MOV A,6CH
00AF 75F00A          331                             MOV B,#10
00B2 84              332                             DIV AB
00B3 4266            333                             ORL 66H,A
00B5 E5F0            334                             MOV A,B
00B7 4265            335     ONES:           ORL 65H,A
00B9 22              336                             RET
                     337     
                     338     ;------------------------------------------------------------------------------------------
                     339     
                     340     END
A51 MACRO ASSEMBLER  HEXTODEC16                                                           04/16/2009 16:50:59 PAGE     7

SYMBOL TABLE LISTING
------ ----- -------


N A M E             T Y P E  V A L U E   ATTRIBUTES

AC . . . . . . . .  B ADDR   00D0H.6 A   
ACC. . . . . . . .  D ADDR   00E0H   A   
B. . . . . . . . .  D ADDR   00F0H   A   
CP_RL2 . . . . . .  B ADDR   00C8H.0 A   
CY . . . . . . . .  B ADDR   00D0H.7 A   
C_T2 . . . . . . .  B ADDR   00C8H.1 A   
DPH. . . . . . . .  D ADDR   0083H   A   
DPL. . . . . . . .  D ADDR   0082H   A   
EA . . . . . . . .  B ADDR   00A8H.7 A   
EN . . . . . . . .  B ADDR   0080H.5 A   
ES . . . . . . . .  B ADDR   00A8H.4 A   
ET0. . . . . . . .  B ADDR   00A8H.1 A   
ET1. . . . . . . .  B ADDR   00A8H.3 A   
ET2. . . . . . . .  B ADDR   00A8H.5 A   
EX0. . . . . . . .  B ADDR   00A8H.0 A   
EX1. . . . . . . .  B ADDR   00A8H.2 A   
EXEN2. . . . . . .  B ADDR   00C8H.3 A   
EXF2 . . . . . . .  B ADDR   00C8H.6 A   
F0 . . . . . . . .  B ADDR   00D0H.5 A   
F1 . . . . . . . .  B ADDR   00D0H.1 A   
HERE . . . . . . .  C ADDR   003CH   A   
HUND . . . . . . .  C ADDR   0093H   A   
IE . . . . . . . .  D ADDR   00A8H   A   
IE0. . . . . . . .  B ADDR   0088H.1 A   
IE1. . . . . . . .  B ADDR   0088H.3 A   
INT0 . . . . . . .  B ADDR   00B0H.2 A   
INT1 . . . . . . .  B ADDR   00B0H.3 A   
INTR . . . . . . .  B ADDR   00B0H.2 A   
IP . . . . . . . .  D ADDR   00B8H   A   
IT0. . . . . . . .  B ADDR   0088H.0 A   
IT1. . . . . . . .  B ADDR   0088H.2 A   
MAIN . . . . . . .  C ADDR   0034H   A   
ONES . . . . . . .  C ADDR   00B7H   A   
OV . . . . . . . .  B ADDR   00D0H.2 A   
P. . . . . . . . .  B ADDR   00D0H.0 A   
P0 . . . . . . . .  D ADDR   0080H   A   
P0_0 . . . . . . .  B ADDR   0080H.0 A   
P0_1 . . . . . . .  B ADDR   0080H.1 A   
P0_2 . . . . . . .  B ADDR   0080H.2 A   
P0_3 . . . . . . .  B ADDR   0080H.3 A   
P0_4 . . . . . . .  B ADDR   0080H.4 A   
P0_5 . . . . . . .  B ADDR   0080H.5 A   
P0_6 . . . . . . .  B ADDR   0080H.6 A   
P0_7 . . . . . . .  B ADDR   0080H.7 A   
P1 . . . . . . . .  D ADDR   0090H   A   
P1_0 . . . . . . .  B ADDR   0090H.0 A   
P1_1 . . . . . . .  B ADDR   0090H.1 A   
P1_2 . . . . . . .  B ADDR   0090H.2 A   
P1_3 . . . . . . .  B ADDR   0090H.3 A   
P1_4 . . . . . . .  B ADDR   0090H.4 A   
P1_5 . . . . . . .  B ADDR   0090H.5 A   
P1_6 . . . . . . .  B ADDR   0090H.6 A   
P1_7 . . . . . . .  B ADDR   0090H.7 A   
P2 . . . . . . . .  D ADDR   00A0H   A   
P2_0 . . . . . . .  B ADDR   00A0H.0 A   
P2_1 . . . . . . .  B ADDR   00A0H.1 A   
P2_2 . . . . . . .  B ADDR   00A0H.2 A   
P2_3 . . . . . . .  B ADDR   00A0H.3 A   
P2_4 . . . . . . .  B ADDR   00A0H.4 A   
P2_5 . . . . . . .  B ADDR   00A0H.5 A   
A51 MACRO ASSEMBLER  HEXTODEC16                                                           04/16/2009 16:50:59 PAGE     8

P2_6 . . . . . . .  B ADDR   00A0H.6 A   
P2_7 . . . . . . .  B ADDR   00A0H.7 A   
P3 . . . . . . . .  D ADDR   00B0H   A   
P3_0 . . . . . . .  B ADDR   00B0H.0 A   
P3_1 . . . . . . .  B ADDR   00B0H.1 A   
P3_2 . . . . . . .  B ADDR   00B0H.2 A   
P3_3 . . . . . . .  B ADDR   00B0H.3 A   
P3_4 . . . . . . .  B ADDR   00B0H.4 A   
P3_5 . . . . . . .  B ADDR   00B0H.5 A   
P3_6 . . . . . . .  B ADDR   00B0H.6 A   
P3_7 . . . . . . .  B ADDR   00B0H.7 A   
PCON . . . . . . .  D ADDR   0087H   A   
PS . . . . . . . .  B ADDR   00B8H.4 A   
PSW. . . . . . . .  D ADDR   00D0H   A   
PT0. . . . . . . .  B ADDR   00B8H.1 A   
PT1. . . . . . . .  B ADDR   00B8H.3 A   
PT2. . . . . . . .  B ADDR   00B8H.5 A   
PX0. . . . . . . .  B ADDR   00B8H.0 A   
PX1. . . . . . . .  B ADDR   00B8H.2 A   
R10K . . . . . . .  C ADDR   0053H   A   
R1K. . . . . . . .  C ADDR   0073H   A   
RB8. . . . . . . .  B ADDR   0098H.2 A   
RCAP2H . . . . . .  D ADDR   00CBH   A   
RCAP2L . . . . . .  D ADDR   00CAH   A   
RCLK . . . . . . .  B ADDR   00C8H.5 A   
RD . . . . . . . .  B ADDR   00B0H.7 A   
REN. . . . . . . .  B ADDR   0098H.4 A   
RESET. . . . . . .  C ADDR   0000H   A   
RI . . . . . . . .  B ADDR   0098H.0 A   
RS . . . . . . . .  B ADDR   0080H.7 A   
RS0. . . . . . . .  B ADDR   00D0H.3 A   
RS1. . . . . . . .  B ADDR   00D0H.4 A   
RW . . . . . . . .  B ADDR   0080H.6 A   
RXD. . . . . . . .  B ADDR   00B0H.0 A   
SBUF . . . . . . .  D ADDR   0099H   A   
SCON . . . . . . .  D ADDR   0098H   A   
SM0. . . . . . . .  B ADDR   0098H.7 A   
SM1. . . . . . . .  B ADDR   0098H.6 A   
SM2. . . . . . . .  B ADDR   0098H.5 A   
SP . . . . . . . .  D ADDR   0081H   A   
START. . . . . . .  C ADDR   0030H   A   
SWA. . . . . . . .  B ADDR   0080H.4 A   
SWB. . . . . . . .  B ADDR   0080H.3 A   
SWC. . . . . . . .  B ADDR   0080H.2 A   
SWD. . . . . . . .  B ADDR   0080H.1 A   
T0 . . . . . . . .  B ADDR   00B0H.4 A   
T1 . . . . . . . .  B ADDR   00B0H.5 A   
T2 . . . . . . . .  B ADDR   0090H.0 A   
T2CON. . . . . . .  D ADDR   00C8H   A   
T2EX . . . . . . .  B ADDR   0090H.1 A   
T2MOD. . . . . . .  D ADDR   00C9H   A   
TB8. . . . . . . .  B ADDR   0098H.3 A   
TCLK . . . . . . .  B ADDR   00C8H.4 A   
TCON . . . . . . .  D ADDR   0088H   A   
TENS . . . . . . .  C ADDR   00ADH   A   
TF0. . . . . . . .  B ADDR   0088H.5 A   
TF1. . . . . . . .  B ADDR   0088H.7 A   
TF2. . . . . . . .  B ADDR   00C8H.7 A   
TH0. . . . . . . .  D ADDR   008CH   A   
TH1. . . . . . . .  D ADDR   008DH   A   
TH2. . . . . . . .  D ADDR   00CDH   A   
TI . . . . . . . .  B ADDR   0098H.1 A   
TL0. . . . . . . .  D ADDR   008AH   A   
TL1. . . . . . . .  D ADDR   008BH   A   
TL2. . . . . . . .  D ADDR   00CCH   A   
TMOD . . . . . . .  D ADDR   0089H   A   
A51 MACRO ASSEMBLER  HEXTODEC16                                                           04/16/2009 16:50:59 PAGE     9

TR0. . . . . . . .  B ADDR   0088H.4 A   
TR1. . . . . . . .  B ADDR   0088H.6 A   
TR2. . . . . . . .  B ADDR   00C8H.2 A   
TXD. . . . . . . .  B ADDR   00B0H.1 A   
WR . . . . . . . .  B ADDR   00B0H.6 A   
XTOD16 . . . . . .  C ADDR   003EH   A   


REGISTER BANK(S) USED: 0 


ASSEMBLY COMPLETE.  0 WARNING(S), 0 ERROR(S)
