
ASEM-51 V1.3                                         Copyright (c) 2002 by W.W. Heinz                                         PAGE 1





       MCS-51 Family Macro Assembler   A S E M - 5 1   V 1.3
       =====================================================



	Source File:	count1.asm
	Object File:	count1.hex
	List File:	count1.lst



 Line  I  Addr  Code            Source

    1:		N      0000	ORG 0000H
    2:	  0000	80 2E		SJMP 0030H
    3:		N      0030	ORG 0030H
    4:
    5:
    6:
    7:	  0030	E5 90		START:  MOV A,P1
    8:	  0032	78 00			MOV R0,#00H
    9:	  0034	28			ADD A,R0
   10:	  0035	F8			MOV R0,A
   11:	  0036	88 A0		UPCOUNT:MOV P2,R0
   12:	  0038	08			INC R0
   13:	  0039	11 48			ACALL DELAY
   14:	  003B	B8 1F F8		CJNE R0,#1FH,UPCOUNT
   15:	  003E	18		DNCOUNT:DEC R0
   16:	  003F	88 A0			MOV P2,R0
   17:	  0041	11 48			ACALL DELAY
   18:	  0043	B8 00 F8		CJNE R0,#00H,DNCOUNT
   19:	  0046	80 E8			SJMP START
   20:
   21:
   22:
   23:	  0048	7D 05		DELAY:  MOV R5,#05H
   24:	  004A	7E FF		WAITC:	MOV R6,#0FFH
   25:	  004C	7F FF		WAITB:	MOV R7,#0FFH
   26:	  004E	DF FE		WAITA:	DJNZ R7,WAITA
   27:	  0050	DE FA			DJNZ R6,WAITB
   28:	  0052	DD F6			DJNZ R5,WAITC
   29:	  0054	22			RET
   30:
   31:	  0055	00		NOP
   32:	  0056	00		NOP
   33:	  0057	00		NOP
   34:	  0058	00		NOP
   35:				END





                     register banks used:  ---

                     no errors

ASEM-51 V1.3                                         Copyright (c) 2002 by W.W. Heinz                                         PAGE 2







ASEM-51 V1.3                                         Copyright (c) 2002 by W.W. Heinz                                         PAGE 3





	       L I S T   O F   S Y M B O L S
	       =============================


SYMBOL				  TYPE     VALUE	LINE
------------------------------------------------------------
??ASEM_51			  NUMBER    8051
??VERSION			  NUMBER    0130
AC				  BIT	      D6
ACC				  DATA	      E0
B				  DATA	      F0
CY				  BIT	      D7
DELAY				  CODE	    0048	  23
DNCOUNT				  CODE	    003E	  15
DPH				  DATA	      83
DPL				  DATA	      82
EA				  BIT	      AF
ES				  BIT	      AC
ET0				  BIT	      A9
ET1				  BIT	      AB
EX0				  BIT	      A8
EX1				  BIT	      AA
EXTI0				  CODE	    0003
EXTI1				  CODE	    0013
F0				  BIT	      D5
IE				  DATA	      A8
IE0				  BIT	      89
IE1				  BIT	      8B
INT0				  BIT	      B2
INT1				  BIT	      B3
IP				  DATA	      B8
IT0				  BIT	      88
IT1				  BIT	      8A
OV				  BIT	      D2
P				  BIT	      D0
P0				  DATA	      80
P1				  DATA	      90
P2				  DATA	      A0
P3				  DATA	      B0
PCON				  DATA	      87
PS				  BIT	      BC
PSW				  DATA	      D0
PT0				  BIT	      B9
PT1				  BIT	      BB
PX0				  BIT	      B8
PX1				  BIT	      BA
RB8				  BIT	      9A
RD				  BIT	      B7
REN				  BIT	      9C
RESET				  CODE	    0000
RI				  BIT	      98
RS0				  BIT	      D3
RS1				  BIT	      D4
RXD				  BIT	      B0
SBUF				  DATA	      99
SCON				  DATA	      98

ASEM-51 V1.3                                         Copyright (c) 2002 by W.W. Heinz                                         PAGE 4



SYMBOL				  TYPE     VALUE	LINE
------------------------------------------------------------
SINT				  CODE	    0023
SM0				  BIT	      9F
SM1				  BIT	      9E
SM2				  BIT	      9D
SP				  DATA	      81
START				  CODE	    0030	   7
T0				  BIT	      B4
T1				  BIT	      B5
TB8				  BIT	      9B
TCON				  DATA	      88
TF0				  BIT	      8D
TF1				  BIT	      8F
TH0				  DATA	      8C
TH1				  DATA	      8D
TI				  BIT	      99
TIMER0				  CODE	    000B
TIMER1				  CODE	    001B
TL0				  DATA	      8A
TL1				  DATA	      8B
TMOD				  DATA	      89
TR0				  BIT	      8C
TR1				  BIT	      8E
TXD				  BIT	      B1
UPCOUNT				  CODE	    0036	  11
WAITA				  CODE	    004E	  26
WAITB				  CODE	    004C	  25
WAITC				  CODE	    004A	  24
WR				  BIT	      B6
