
ASEM-51 V1.3                                         Copyright (c) 2002 by W.W. Heinz                                         PAGE 1





       MCS-51 Family Macro Assembler   A S E M - 5 1   V 1.3
       =====================================================



	Source File:	dance1.asm
	Object File:	dance1.hex
	List File:	dance1.lst



 Line  I  Addr  Code            Source

    1:		N      0000	ORG 0000H
    2:	  0000	80 2E		SJMP 0030H
    3:		N      0030	ORG 0030H
    4:
    5:
    6:
    7:
    8:	  0030	75 A0 01	START:  MOV P2,#01H
    9:	  0033	11 5A			ACALL DELAY
   10:	  0035	75 A0 02		MOV P2,#02H
   11:	  0038	11 5A			ACALL DELAY
   12:	  003A	75 A0 04		MOV P2,#04H
   13:	  003D	11 5A			ACALL DELAY
   14:	  003F	75 A0 08		MOV P2,#08H
   15:	  0042	11 5A			ACALL DELAY
   16:	  0044	75 A0 10		MOV P2,#10H
   17:	  0047	11 5A			ACALL DELAY
   18:	  0049	75 A0 20		MOV P2,#20H
   19:	  004C	11 5A			ACALL DELAY
   20:	  004E	75 A0 40		MOV P2,#40H
   21:	  0051	11 5A			ACALL DELAY
   22:	  0053	75 A0 80		MOV P2,#80H
   23:	  0056	11 5A			ACALL DELAY
   24:	  0058	80 D6			SJMP START
   25:
   26:
   27:	  005A	7F 05		DELAY:  MOV R7,#05H
   28:	  005C	7E FF		WAITC:	MOV R6,#0FFH
   29:	  005E	7D FF		WAITB:	MOV R5,#0FFH
   30:	  0060	DD FE		WAITA:	DJNZ R5,WAITA
   31:	  0062	DE FA			DJNZ R6,WAITB
   32:	  0064	DF F6			DJNZ R7,WAITC
   33:	  0066	22			RET
   34:
   35:
   36:	  0067	00		NOP
   37:	  0068	00		NOP
   38:	  0069	00		NOP
   39:	  006A	00		NOP
   40:				END




ASEM-51 V1.3                                         Copyright (c) 2002 by W.W. Heinz                                         PAGE 2





                     register banks used:  ---

                     no errors




ASEM-51 V1.3                                         Copyright (c) 2002 by W.W. Heinz                                         PAGE 3





	       L I S T   O F   S Y M B O L S
	       =============================


SYMBOL				  TYPE     VALUE	LINE
------------------------------------------------------------
??ASEM_51			  NUMBER    8051
??VERSION			  NUMBER    0130
AC				  BIT	      D6
ACC				  DATA	      E0
B				  DATA	      F0
CY				  BIT	      D7
DELAY				  CODE	    005A	  27
DPH				  DATA	      83
DPL				  DATA	      82
EA				  BIT	      AF
ES				  BIT	      AC
ET0				  BIT	      A9
ET1				  BIT	      AB
EX0				  BIT	      A8
EX1				  BIT	      AA
EXTI0				  CODE	    0003
EXTI1				  CODE	    0013
F0				  BIT	      D5
IE				  DATA	      A8
IE0				  BIT	      89
IE1				  BIT	      8B
INT0				  BIT	      B2
INT1				  BIT	      B3
IP				  DATA	      B8
IT0				  BIT	      88
IT1				  BIT	      8A
OV				  BIT	      D2
P				  BIT	      D0
P0				  DATA	      80
P1				  DATA	      90
P2				  DATA	      A0
P3				  DATA	      B0
PCON				  DATA	      87
PS				  BIT	      BC
PSW				  DATA	      D0
PT0				  BIT	      B9
PT1				  BIT	      BB
PX0				  BIT	      B8
PX1				  BIT	      BA
RB8				  BIT	      9A
RD				  BIT	      B7
REN				  BIT	      9C
RESET				  CODE	    0000
RI				  BIT	      98
RS0				  BIT	      D3
RS1				  BIT	      D4
RXD				  BIT	      B0
SBUF				  DATA	      99
SCON				  DATA	      98
SINT				  CODE	    0023

ASEM-51 V1.3                                         Copyright (c) 2002 by W.W. Heinz                                         PAGE 4



SYMBOL				  TYPE     VALUE	LINE
------------------------------------------------------------
SM0				  BIT	      9F
SM1				  BIT	      9E
SM2				  BIT	      9D
SP				  DATA	      81
START				  CODE	    0030	   8
T0				  BIT	      B4
T1				  BIT	      B5
TB8				  BIT	      9B
TCON				  DATA	      88
TF0				  BIT	      8D
TF1				  BIT	      8F
TH0				  DATA	      8C
TH1				  DATA	      8D
TI				  BIT	      99
TIMER0				  CODE	    000B
TIMER1				  CODE	    001B
TL0				  DATA	      8A
TL1				  DATA	      8B
TMOD				  DATA	      89
TR0				  BIT	      8C
TR1				  BIT	      8E
TXD				  BIT	      B1
WAITA				  CODE	    0060	  30
WAITB				  CODE	    005E	  29
WAITC				  CODE	    005C	  28
WR				  BIT	      B6
