
ASEM-51 V1.3                                         Copyright (c) 2002 by W.W. Heinz                                         PAGE 1





       MCS-51 Family Macro Assembler   A S E M - 5 1   V 1.3
       =====================================================



	Source File:	u1a.asm
	Object File:	u1a.hex
	List File:	u1a.lst



 Line  I  Addr  Code            Source

    1:		N      0000	ORG 0000H
    2:	  0000	80 2E		SJMP 0030H
    3:		N      0030	ORG 0030H
    4:
    5:
    6:
    7:	  0030	E5 90		START:  MOV A,P1
    8:	  0032	F5 A0			MOV P2,A
    9:	  0034	11 42			ACALL DELAY
   10:	  0036	78 01			MOV R0,#01H
   11:	  0038	08		LOOP:	INC R0
   12:	  0039	88 A0			MOV P2,R0
   13:	  003B	11 42			ACALL DELAY
   14:	  003D	B8 0F F8		CJNE R0,#0FH,LOOP
   15:	  0040	80 EE			SJMP START
   16:
   17:
   18:	  0042	7D 06		DELAY:  MOV R5,#06H
   19:	  0044	7E FF		WAITC:	MOV R6,#0FFH
   20:	  0046	7F FF		WAITB:	MOV R7,#0FFH
   21:	  0048	DF FE		WAITA:	DJNZ R7,WAITA
   22:	  004A	DE FA			DJNZ R6,WAITB
   23:	  004C	DD F6			DJNZ R5,WAITC
   24:	  004E	22			RET
   25:
   26:	  004F	00		NOP
   27:	  0050	00		NOP
   28:	  0051	00		NOP
   29:	  0052	00		NOP
   30:				END





                     register banks used:  ---

                     no errors




ASEM-51 V1.3                                         Copyright (c) 2002 by W.W. Heinz                                         PAGE 2





	       L I S T   O F   S Y M B O L S
	       =============================


SYMBOL				  TYPE     VALUE	LINE
------------------------------------------------------------
??ASEM_51			  NUMBER    8051
??VERSION			  NUMBER    0130
AC				  BIT	      D6
ACC				  DATA	      E0
B				  DATA	      F0
CY				  BIT	      D7
DELAY				  CODE	    0042	  18
DPH				  DATA	      83
DPL				  DATA	      82
EA				  BIT	      AF
ES				  BIT	      AC
ET0				  BIT	      A9
ET1				  BIT	      AB
EX0				  BIT	      A8
EX1				  BIT	      AA
EXTI0				  CODE	    0003
EXTI1				  CODE	    0013
F0				  BIT	      D5
IE				  DATA	      A8
IE0				  BIT	      89
IE1				  BIT	      8B
INT0				  BIT	      B2
INT1				  BIT	      B3
IP				  DATA	      B8
IT0				  BIT	      88
IT1				  BIT	      8A
LOOP				  CODE	    0038	  11
OV				  BIT	      D2
P				  BIT	      D0
P0				  DATA	      80
P1				  DATA	      90
P2				  DATA	      A0
P3				  DATA	      B0
PCON				  DATA	      87
PS				  BIT	      BC
PSW				  DATA	      D0
PT0				  BIT	      B9
PT1				  BIT	      BB
PX0				  BIT	      B8
PX1				  BIT	      BA
RB8				  BIT	      9A
RD				  BIT	      B7
REN				  BIT	      9C
RESET				  CODE	    0000
RI				  BIT	      98
RS0				  BIT	      D3
RS1				  BIT	      D4
RXD				  BIT	      B0
SBUF				  DATA	      99
SCON				  DATA	      98

ASEM-51 V1.3                                         Copyright (c) 2002 by W.W. Heinz                                         PAGE 3



SYMBOL				  TYPE     VALUE	LINE
------------------------------------------------------------
SINT				  CODE	    0023
SM0				  BIT	      9F
SM1				  BIT	      9E
SM2				  BIT	      9D
SP				  DATA	      81
START				  CODE	    0030	   7
T0				  BIT	      B4
T1				  BIT	      B5
TB8				  BIT	      9B
TCON				  DATA	      88
TF0				  BIT	      8D
TF1				  BIT	      8F
TH0				  DATA	      8C
TH1				  DATA	      8D
TI				  BIT	      99
TIMER0				  CODE	    000B
TIMER1				  CODE	    001B
TL0				  DATA	      8A
TL1				  DATA	      8B
TMOD				  DATA	      89
TR0				  BIT	      8C
TR1				  BIT	      8E
TXD				  BIT	      B1
WAITA				  CODE	    0048	  21
WAITB				  CODE	    0046	  20
WAITC				  CODE	    0044	  19
WR				  BIT	      B6
