
ASEM-51 V1.3                                         Copyright (c) 2002 by W.W. Heinz                                         PAGE 1





       MCS-51 Family Macro Assembler   A S E M - 5 1   V 1.3
       =====================================================



	Source File:	STEP.ASM
	Object File:	STEP.hex
	List File:	STEP.lst



 Line  I  Addr  Code            Source

    1:				;STEPPER TEAC SQR TYPE UNIPOLAR
    2:				;14/07/2008
    3:				;ASTER
    4:
    5:
    6:
    7:
    8:
    9:
   10:
   11:
   12:		N      0000	ORG 0000H
   13:	  0000	80 2E		SJMP 0030H
   14:
   15:
   16:
   17:		N      0030	ORG 0030H
   18:
   19:
   20:
   21:
   22:	  0030	75 A0 FF	START:		MOV P2,#0FFH
   23:
   24:	  0033	75 A0 01	LOOP:		MOV P2,#01H
   25:	  0036	11 49				ACALL DELAY
   26:	  0038	75 A0 02			MOV P2,#02H
   27:	  003B	11 49				ACALL DELAY
   28:	  003D	75 A0 04			MOV P2,#04H
   29:	  0040	11 49				ACALL DELAY
   30:	  0042	75 A0 08			MOV P2,#08H
   31:	  0045	11 49				ACALL DELAY
   32:	  0047	80 EA				SJMP LOOP
   33:
   34:
   35:	  0049	7E 10		DELAY: 		MOV R6,#10H
   36:	  004B	7D FF				MOV R5,#0FFH
   37:	  004D	DD FE				DJNZ R5,$
   38:	  004F	DE FC				DJNZ R6,$-2
   39:	  0051	22				RET
   40:
   41:				END
   42:


ASEM-51 V1.3                                         Copyright (c) 2002 by W.W. Heinz                                         PAGE 2







                     register banks used:  ---

                     no errors




ASEM-51 V1.3                                         Copyright (c) 2002 by W.W. Heinz                                         PAGE 3





	       L I S T   O F   S Y M B O L S
	       =============================


SYMBOL				  TYPE     VALUE	LINE
------------------------------------------------------------
??ASEM_51			  NUMBER    8051
??VERSION			  NUMBER    0130
AC				  BIT	      D6
ACC				  DATA	      E0
B				  DATA	      F0
CY				  BIT	      D7
DELAY				  CODE	    0049	  35
DPH				  DATA	      83
DPL				  DATA	      82
EA				  BIT	      AF
ES				  BIT	      AC
ET0				  BIT	      A9
ET1				  BIT	      AB
EX0				  BIT	      A8
EX1				  BIT	      AA
EXTI0				  CODE	    0003
EXTI1				  CODE	    0013
F0				  BIT	      D5
IE				  DATA	      A8
IE0				  BIT	      89
IE1				  BIT	      8B
INT0				  BIT	      B2
INT1				  BIT	      B3
IP				  DATA	      B8
IT0				  BIT	      88
IT1				  BIT	      8A
LOOP				  CODE	    0033	  24
OV				  BIT	      D2
P				  BIT	      D0
P0				  DATA	      80
P1				  DATA	      90
P2				  DATA	      A0
P3				  DATA	      B0
PCON				  DATA	      87
PS				  BIT	      BC
PSW				  DATA	      D0
PT0				  BIT	      B9
PT1				  BIT	      BB
PX0				  BIT	      B8
PX1				  BIT	      BA
RB8				  BIT	      9A
RD				  BIT	      B7
REN				  BIT	      9C
RESET				  CODE	    0000
RI				  BIT	      98
RS0				  BIT	      D3
RS1				  BIT	      D4
RXD				  BIT	      B0
SBUF				  DATA	      99
SCON				  DATA	      98

ASEM-51 V1.3                                         Copyright (c) 2002 by W.W. Heinz                                         PAGE 4



SYMBOL				  TYPE     VALUE	LINE
------------------------------------------------------------
SINT				  CODE	    0023
SM0				  BIT	      9F
SM1				  BIT	      9E
SM2				  BIT	      9D
SP				  DATA	      81
START				  CODE	    0030	  22
T0				  BIT	      B4
T1				  BIT	      B5
TB8				  BIT	      9B
TCON				  DATA	      88
TF0				  BIT	      8D
TF1				  BIT	      8F
TH0				  DATA	      8C
TH1				  DATA	      8D
TI				  BIT	      99
TIMER0				  CODE	    000B
TIMER1				  CODE	    001B
TL0				  DATA	      8A
TL1				  DATA	      8B
TMOD				  DATA	      89
TR0				  BIT	      8C
TR1				  BIT	      8E
TXD				  BIT	      B1
WR				  BIT	      B6
